This is pdfTeX, Version 3.141592653-2.6-1.40.22 (TeX Live 2021/NixOS.org) (preloaded format=pdflatex 1980.1.1)  4 JAN 2023 11:23
entering extended mode
 restricted \write18 enabled.
 file:line:error style messages enabled.
 %&-line parsing enabled.
**/home/sileatnh/studia/mdm/lista10/lista10.tex
(/home/sileatnh/studia/mdm/lista10/lista10.tex
LaTeX2e <2021-11-15> patch level 1
L3 programming layer <2022-02-24> (/nix/store/c3q3p5ba3k871p4ln73c6vqn8f7f6hr6-texlive-combined-full-2021-final/share/texmf/tex/latex/base/article.cls
Document Class: article 2021/10/04 v1.4n Standard LaTeX document class
(/nix/store/c3q3p5ba3k871p4ln73c6vqn8f7f6hr6-texlive-combined-full-2021-final/share/texmf/tex/latex/base/size10.clo
File: size10.clo 2021/10/04 v1.4n Standard LaTeX file (size option)
)
\c@part=\count185
\c@section=\count186
\c@subsection=\count187
\c@subsubsection=\count188
\c@paragraph=\count189
\c@subparagraph=\count190
\c@figure=\count191
\c@table=\count192
\abovecaptionskip=\skip47
\belowcaptionskip=\skip48
\bibindent=\dimen138
) (/nix/store/c3q3p5ba3k871p4ln73c6vqn8f7f6hr6-texlive-combined-full-2021-final/share/texmf/tex/latex/base/inputenc.sty
Package: inputenc 2021/02/14 v1.3d Input encoding file
\inpenc@prehook=\toks16
\inpenc@posthook=\toks17
) (/nix/store/c3q3p5ba3k871p4ln73c6vqn8f7f6hr6-texlive-combined-full-2021-final/share/texmf/tex/generic/babel/babel.sty
Package: babel 2022/02/26 3.73 The Babel package
\babel@savecnt=\count193
\U@D=\dimen139
\l@unhyphenated=\language87
 (/nix/store/c3q3p5ba3k871p4ln73c6vqn8f7f6hr6-texlive-combined-full-2021-final/share/texmf/tex/generic/babel/txtbabel.def)
\bbl@readstream=\read2
\bbl@dirlevel=\count194
 (/nix/store/c3q3p5ba3k871p4ln73c6vqn8f7f6hr6-texlive-combined-full-2021-final/share/texmf/tex/generic/babel-english/english.ldf
Language: english 2017/06/06 v3.3r English support from the babel system
Package babel Info: Hyphen rules for 'canadian' set to \l@english
(babel)             (\language0). Reported on input line 102.
Package babel Info: Hyphen rules for 'australian' set to \l@ukenglish
(babel)             (\language21). Reported on input line 105.
Package babel Info: Hyphen rules for 'newzealand' set to \l@ukenglish
(babel)             (\language21). Reported on input line 108.
) (/nix/store/c3q3p5ba3k871p4ln73c6vqn8f7f6hr6-texlive-combined-full-2021-final/share/texmf/tex/generic/babel-polish/polish.ldf
Language: polish 2022/03/12 1.3 Babel support for Polish
Package babel Info: Making " an active character on input line 101.
)) (/nix/store/c3q3p5ba3k871p4ln73c6vqn8f7f6hr6-texlive-combined-full-2021-final/share/texmf/tex/latex/forloop/forloop.sty
Package: forloop 2006/09/18 v3.0 For Loops for LaTeX
 (/nix/store/c3q3p5ba3k871p4ln73c6vqn8f7f6hr6-texlive-combined-full-2021-final/share/texmf/tex/latex/base/ifthen.sty
Package: ifthen 2020/11/24 v1.1c Standard LaTeX ifthen package (DPC)
)) (/nix/store/c3q3p5ba3k871p4ln73c6vqn8f7f6hr6-texlive-combined-full-2021-final/share/texmf/tex/latex/base/fontenc.sty
Package: fontenc 2021/04/29 v2.0v Standard LaTeX package
) (/nix/store/c3q3p5ba3k871p4ln73c6vqn8f7f6hr6-texlive-combined-full-2021-final/share/texmf/tex/latex/amsfonts/amsfonts.sty
Package: amsfonts 2013/01/14 v3.01 Basic AMSFonts support
\@emptytoks=\toks18
\symAMSa=\mathgroup4
\symAMSb=\mathgroup5
LaTeX Font Info:    Redeclaring math symbol \hbar on input line 98.
LaTeX Font Info:    Overwriting math alphabet `\mathfrak' in version `bold'
(Font)                  U/euf/m/n --> U/euf/b/n on input line 106.
) (/nix/store/c3q3p5ba3k871p4ln73c6vqn8f7f6hr6-texlive-combined-full-2021-final/share/texmf/tex/latex/pgf/frontendlayer/tikz.sty (/nix/store/c3q3p5ba3k871p4ln73c6vqn8f7f6hr6-texlive-combined-full-2021-final/share/texmf/tex/latex/pgf/basiclayer/pgf.sty (/nix/store/c3q3p5ba3k871p4ln73c6vqn8f7f6hr6-texlive-combined-full-2021-final/share/texmf/tex/latex/pgf/utilities/pgfrcs.sty (/nix/store/c3q3p5ba3k871p4ln73c6vqn8f7f6hr6-texlive-combined-full-2021-final/share/texmf/tex/generic/pgf/utilities/pgfutil-common.tex
\pgfutil@everybye=\toks19
\pgfutil@tempdima=\dimen140
\pgfutil@tempdimb=\dimen141
 (/nix/store/c3q3p5ba3k871p4ln73c6vqn8f7f6hr6-texlive-combined-full-2021-final/share/texmf/tex/generic/pgf/utilities/pgfutil-common-lists.tex)) (/nix/store/c3q3p5ba3k871p4ln73c6vqn8f7f6hr6-texlive-combined-full-2021-final/share/texmf/tex/generic/pgf/utilities/pgfutil-latex.def
\pgfutil@abb=\box50
) (/nix/store/c3q3p5ba3k871p4ln73c6vqn8f7f6hr6-texlive-combined-full-2021-final/share/texmf/tex/generic/pgf/utilities/pgfrcs.code.tex (/nix/store/c3q3p5ba3k871p4ln73c6vqn8f7f6hr6-texlive-combined-full-2021-final/share/texmf/tex/generic/pgf/pgf.revision.tex)
Package: pgfrcs 2021/05/15 v3.1.9a (3.1.9a)
))
Package: pgf 2021/05/15 v3.1.9a (3.1.9a)
 (/nix/store/c3q3p5ba3k871p4ln73c6vqn8f7f6hr6-texlive-combined-full-2021-final/share/texmf/tex/latex/pgf/basiclayer/pgfcore.sty (/nix/store/c3q3p5ba3k871p4ln73c6vqn8f7f6hr6-texlive-combined-full-2021-final/share/texmf/tex/latex/graphics/graphicx.sty
Package: graphicx 2021/09/16 v1.2d Enhanced LaTeX Graphics (DPC,SPQR)
 (/nix/store/c3q3p5ba3k871p4ln73c6vqn8f7f6hr6-texlive-combined-full-2021-final/share/texmf/tex/latex/graphics/keyval.sty
Package: keyval 2014/10/28 v1.15 key=value parser (DPC)
\KV@toks@=\toks20
) (/nix/store/c3q3p5ba3k871p4ln73c6vqn8f7f6hr6-texlive-combined-full-2021-final/share/texmf/tex/latex/graphics/graphics.sty
Package: graphics 2021/03/04 v1.4d Standard LaTeX Graphics (DPC,SPQR)
 (/nix/store/c3q3p5ba3k871p4ln73c6vqn8f7f6hr6-texlive-combined-full-2021-final/share/texmf/tex/latex/graphics/trig.sty
Package: trig 2021/08/11 v1.11 sin cos tan (DPC)
) (/nix/store/c3q3p5ba3k871p4ln73c6vqn8f7f6hr6-texlive-combined-full-2021-final/share/texmf/tex/latex/graphics-cfg/graphics.cfg
File: graphics.cfg 2016/06/04 v1.11 sample graphics configuration
)
Package graphics Info: Driver file: pdftex.def on input line 107.
 (/nix/store/c3q3p5ba3k871p4ln73c6vqn8f7f6hr6-texlive-combined-full-2021-final/share/texmf/tex/latex/graphics-def/pdftex.def
File: pdftex.def 2020/10/05 v1.2a Graphics/color driver for pdftex
))
\Gin@req@height=\dimen142
\Gin@req@width=\dimen143
) (/nix/store/c3q3p5ba3k871p4ln73c6vqn8f7f6hr6-texlive-combined-full-2021-final/share/texmf/tex/latex/pgf/systemlayer/pgfsys.sty (/nix/store/c3q3p5ba3k871p4ln73c6vqn8f7f6hr6-texlive-combined-full-2021-final/share/texmf/tex/generic/pgf/systemlayer/pgfsys.code.tex
Package: pgfsys 2021/05/15 v3.1.9a (3.1.9a)
 (/nix/store/c3q3p5ba3k871p4ln73c6vqn8f7f6hr6-texlive-combined-full-2021-final/share/texmf/tex/generic/pgf/utilities/pgfkeys.code.tex
\pgfkeys@pathtoks=\toks21
\pgfkeys@temptoks=\toks22
 (/nix/store/c3q3p5ba3k871p4ln73c6vqn8f7f6hr6-texlive-combined-full-2021-final/share/texmf/tex/generic/pgf/utilities/pgfkeysfiltered.code.tex
\pgfkeys@tmptoks=\toks23
))
\pgf@x=\dimen144
\pgf@y=\dimen145
\pgf@xa=\dimen146
\pgf@ya=\dimen147
\pgf@xb=\dimen148
\pgf@yb=\dimen149
\pgf@xc=\dimen150
\pgf@yc=\dimen151
\pgf@xd=\dimen152
\pgf@yd=\dimen153
\w@pgf@writea=\write3
\r@pgf@reada=\read3
\c@pgf@counta=\count195
\c@pgf@countb=\count196
\c@pgf@countc=\count197
\c@pgf@countd=\count198
\t@pgf@toka=\toks24
\t@pgf@tokb=\toks25
\t@pgf@tokc=\toks26
\pgf@sys@id@count=\count199
 (/nix/store/c3q3p5ba3k871p4ln73c6vqn8f7f6hr6-texlive-combined-full-2021-final/share/texmf/tex/generic/pgf/systemlayer/pgf.cfg
File: pgf.cfg 2021/05/15 v3.1.9a (3.1.9a)
)
Driver file for pgf: pgfsys-pdftex.def
 (/nix/store/c3q3p5ba3k871p4ln73c6vqn8f7f6hr6-texlive-combined-full-2021-final/share/texmf/tex/generic/pgf/systemlayer/pgfsys-pdftex.def
File: pgfsys-pdftex.def 2021/05/15 v3.1.9a (3.1.9a)
 (/nix/store/c3q3p5ba3k871p4ln73c6vqn8f7f6hr6-texlive-combined-full-2021-final/share/texmf/tex/generic/pgf/systemlayer/pgfsys-common-pdf.def
File: pgfsys-common-pdf.def 2021/05/15 v3.1.9a (3.1.9a)
))) (/nix/store/c3q3p5ba3k871p4ln73c6vqn8f7f6hr6-texlive-combined-full-2021-final/share/texmf/tex/generic/pgf/systemlayer/pgfsyssoftpath.code.tex
File: pgfsyssoftpath.code.tex 2021/05/15 v3.1.9a (3.1.9a)
\pgfsyssoftpath@smallbuffer@items=\count266
\pgfsyssoftpath@bigbuffer@items=\count267
) (/nix/store/c3q3p5ba3k871p4ln73c6vqn8f7f6hr6-texlive-combined-full-2021-final/share/texmf/tex/generic/pgf/systemlayer/pgfsysprotocol.code.tex
File: pgfsysprotocol.code.tex 2021/05/15 v3.1.9a (3.1.9a)
)) (/nix/store/c3q3p5ba3k871p4ln73c6vqn8f7f6hr6-texlive-combined-full-2021-final/share/texmf/tex/latex/xcolor/xcolor.sty
Package: xcolor 2021/10/31 v2.13 LaTeX color extensions (UK)
 (/nix/store/c3q3p5ba3k871p4ln73c6vqn8f7f6hr6-texlive-combined-full-2021-final/share/texmf/tex/latex/graphics-cfg/color.cfg
File: color.cfg 2016/01/02 v1.6 sample color configuration
)
Package xcolor Info: Driver file: pdftex.def on input line 227.
Package xcolor Info: Model `cmy' substituted by `cmy0' on input line 1352.
Package xcolor Info: Model `hsb' substituted by `rgb' on input line 1356.
Package xcolor Info: Model `RGB' extended on input line 1368.
Package xcolor Info: Model `HTML' substituted by `rgb' on input line 1370.
Package xcolor Info: Model `Hsb' substituted by `hsb' on input line 1371.
Package xcolor Info: Model `tHsb' substituted by `hsb' on input line 1372.
Package xcolor Info: Model `HSB' substituted by `hsb' on input line 1373.
Package xcolor Info: Model `Gray' substituted by `gray' on input line 1374.
Package xcolor Info: Model `wave' substituted by `hsb' on input line 1375.
) (/nix/store/c3q3p5ba3k871p4ln73c6vqn8f7f6hr6-texlive-combined-full-2021-final/share/texmf/tex/generic/pgf/basiclayer/pgfcore.code.tex
Package: pgfcore 2021/05/15 v3.1.9a (3.1.9a)
 (/nix/store/c3q3p5ba3k871p4ln73c6vqn8f7f6hr6-texlive-combined-full-2021-final/share/texmf/tex/generic/pgf/math/pgfmath.code.tex (/nix/store/c3q3p5ba3k871p4ln73c6vqn8f7f6hr6-texlive-combined-full-2021-final/share/texmf/tex/generic/pgf/math/pgfmathcalc.code.tex (/nix/store/c3q3p5ba3k871p4ln73c6vqn8f7f6hr6-texlive-combined-full-2021-final/share/texmf/tex/generic/pgf/math/pgfmathutil.code.tex) (/nix/store/c3q3p5ba3k871p4ln73c6vqn8f7f6hr6-texlive-combined-full-2021-final/share/texmf/tex/generic/pgf/math/pgfmathparser.code.tex
\pgfmath@dimen=\dimen154
\pgfmath@count=\count268
\pgfmath@box=\box51
\pgfmath@toks=\toks27
\pgfmath@stack@operand=\toks28
\pgfmath@stack@operation=\toks29
) (/nix/store/c3q3p5ba3k871p4ln73c6vqn8f7f6hr6-texlive-combined-full-2021-final/share/texmf/tex/generic/pgf/math/pgfmathfunctions.code.tex (/nix/store/c3q3p5ba3k871p4ln73c6vqn8f7f6hr6-texlive-combined-full-2021-final/share/texmf/tex/generic/pgf/math/pgfmathfunctions.basic.code.tex) (/nix/store/c3q3p5ba3k871p4ln73c6vqn8f7f6hr6-texlive-combined-full-2021-final/share/texmf/tex/generic/pgf/math/pgfmathfunctions.trigonometric.code.tex) (/nix/store/c3q3p5ba3k871p4ln73c6vqn8f7f6hr6-texlive-combined-full-2021-final/share/texmf/tex/generic/pgf/math/pgfmathfunctions.random.code.tex) (/nix/store/c3q3p5ba3k871p4ln73c6vqn8f7f6hr6-texlive-combined-full-2021-final/share/texmf/tex/generic/pgf/math/pgfmathfunctions.comparison.code.tex) (/nix/store/c3q3p5ba3k871p4ln73c6vqn8f7f6hr6-texlive-combined-full-2021-final/share/texmf/tex/generic/pgf/math/pgfmathfunctions.base.code.tex) (/nix/store/c3q3p5ba3k871p4ln73c6vqn8f7f6hr6-texlive-combined-full-2021-final/share/texmf/tex/generic/pgf/math/pgfmathfunctions.round.code.tex) (/nix/store/c3q3p5ba3k871p4ln73c6vqn8f7f6hr6-texlive-combined-full-2021-final/share/texmf/tex/generic/pgf/math/pgfmathfunctions.misc.code.tex) (/nix/store/c3q3p5ba3k871p4ln73c6vqn8f7f6hr6-texlive-combined-full-2021-final/share/texmf/tex/generic/pgf/math/pgfmathfunctions.integerarithmetics.code.tex))) (/nix/store/c3q3p5ba3k871p4ln73c6vqn8f7f6hr6-texlive-combined-full-2021-final/share/texmf/tex/generic/pgf/math/pgfmathfloat.code.tex
\c@pgfmathroundto@lastzeros=\count269
)) (/nix/store/c3q3p5ba3k871p4ln73c6vqn8f7f6hr6-texlive-combined-full-2021-final/share/texmf/tex/generic/pgf/math/pgfint.code.tex) (/nix/store/c3q3p5ba3k871p4ln73c6vqn8f7f6hr6-texlive-combined-full-2021-final/share/texmf/tex/generic/pgf/basiclayer/pgfcorepoints.code.tex
File: pgfcorepoints.code.tex 2021/05/15 v3.1.9a (3.1.9a)
\pgf@picminx=\dimen155
\pgf@picmaxx=\dimen156
\pgf@picminy=\dimen157
\pgf@picmaxy=\dimen158
\pgf@pathminx=\dimen159
\pgf@pathmaxx=\dimen160
\pgf@pathminy=\dimen161
\pgf@pathmaxy=\dimen162
\pgf@xx=\dimen163
\pgf@xy=\dimen164
\pgf@yx=\dimen165
\pgf@yy=\dimen166
\pgf@zx=\dimen167
\pgf@zy=\dimen168
) (/nix/store/c3q3p5ba3k871p4ln73c6vqn8f7f6hr6-texlive-combined-full-2021-final/share/texmf/tex/generic/pgf/basiclayer/pgfcorepathconstruct.code.tex
File: pgfcorepathconstruct.code.tex 2021/05/15 v3.1.9a (3.1.9a)
\pgf@path@lastx=\dimen169
\pgf@path@lasty=\dimen170
) (/nix/store/c3q3p5ba3k871p4ln73c6vqn8f7f6hr6-texlive-combined-full-2021-final/share/texmf/tex/generic/pgf/basiclayer/pgfcorepathusage.code.tex
File: pgfcorepathusage.code.tex 2021/05/15 v3.1.9a (3.1.9a)
\pgf@shorten@end@additional=\dimen171
\pgf@shorten@start@additional=\dimen172
) (/nix/store/c3q3p5ba3k871p4ln73c6vqn8f7f6hr6-texlive-combined-full-2021-final/share/texmf/tex/generic/pgf/basiclayer/pgfcorescopes.code.tex
File: pgfcorescopes.code.tex 2021/05/15 v3.1.9a (3.1.9a)
\pgfpic=\box52
\pgf@hbox=\box53
\pgf@layerbox@main=\box54
\pgf@picture@serial@count=\count270
) (/nix/store/c3q3p5ba3k871p4ln73c6vqn8f7f6hr6-texlive-combined-full-2021-final/share/texmf/tex/generic/pgf/basiclayer/pgfcoregraphicstate.code.tex
File: pgfcoregraphicstate.code.tex 2021/05/15 v3.1.9a (3.1.9a)
\pgflinewidth=\dimen173
) (/nix/store/c3q3p5ba3k871p4ln73c6vqn8f7f6hr6-texlive-combined-full-2021-final/share/texmf/tex/generic/pgf/basiclayer/pgfcoretransformations.code.tex
File: pgfcoretransformations.code.tex 2021/05/15 v3.1.9a (3.1.9a)
\pgf@pt@x=\dimen174
\pgf@pt@y=\dimen175
\pgf@pt@temp=\dimen176
) (/nix/store/c3q3p5ba3k871p4ln73c6vqn8f7f6hr6-texlive-combined-full-2021-final/share/texmf/tex/generic/pgf/basiclayer/pgfcorequick.code.tex
File: pgfcorequick.code.tex 2021/05/15 v3.1.9a (3.1.9a)
) (/nix/store/c3q3p5ba3k871p4ln73c6vqn8f7f6hr6-texlive-combined-full-2021-final/share/texmf/tex/generic/pgf/basiclayer/pgfcoreobjects.code.tex
File: pgfcoreobjects.code.tex 2021/05/15 v3.1.9a (3.1.9a)
) (/nix/store/c3q3p5ba3k871p4ln73c6vqn8f7f6hr6-texlive-combined-full-2021-final/share/texmf/tex/generic/pgf/basiclayer/pgfcorepathprocessing.code.tex
File: pgfcorepathprocessing.code.tex 2021/05/15 v3.1.9a (3.1.9a)
) (/nix/store/c3q3p5ba3k871p4ln73c6vqn8f7f6hr6-texlive-combined-full-2021-final/share/texmf/tex/generic/pgf/basiclayer/pgfcorearrows.code.tex
File: pgfcorearrows.code.tex 2021/05/15 v3.1.9a (3.1.9a)
\pgfarrowsep=\dimen177
) (/nix/store/c3q3p5ba3k871p4ln73c6vqn8f7f6hr6-texlive-combined-full-2021-final/share/texmf/tex/generic/pgf/basiclayer/pgfcoreshade.code.tex
File: pgfcoreshade.code.tex 2021/05/15 v3.1.9a (3.1.9a)
\pgf@max=\dimen178
\pgf@sys@shading@range@num=\count271
\pgf@shadingcount=\count272
) (/nix/store/c3q3p5ba3k871p4ln73c6vqn8f7f6hr6-texlive-combined-full-2021-final/share/texmf/tex/generic/pgf/basiclayer/pgfcoreimage.code.tex
File: pgfcoreimage.code.tex 2021/05/15 v3.1.9a (3.1.9a)
 (/nix/store/c3q3p5ba3k871p4ln73c6vqn8f7f6hr6-texlive-combined-full-2021-final/share/texmf/tex/generic/pgf/basiclayer/pgfcoreexternal.code.tex
File: pgfcoreexternal.code.tex 2021/05/15 v3.1.9a (3.1.9a)
\pgfexternal@startupbox=\box55
)) (/nix/store/c3q3p5ba3k871p4ln73c6vqn8f7f6hr6-texlive-combined-full-2021-final/share/texmf/tex/generic/pgf/basiclayer/pgfcorelayers.code.tex
File: pgfcorelayers.code.tex 2021/05/15 v3.1.9a (3.1.9a)
) (/nix/store/c3q3p5ba3k871p4ln73c6vqn8f7f6hr6-texlive-combined-full-2021-final/share/texmf/tex/generic/pgf/basiclayer/pgfcoretransparency.code.tex
File: pgfcoretransparency.code.tex 2021/05/15 v3.1.9a (3.1.9a)
) (/nix/store/c3q3p5ba3k871p4ln73c6vqn8f7f6hr6-texlive-combined-full-2021-final/share/texmf/tex/generic/pgf/basiclayer/pgfcorepatterns.code.tex
File: pgfcorepatterns.code.tex 2021/05/15 v3.1.9a (3.1.9a)
) (/nix/store/c3q3p5ba3k871p4ln73c6vqn8f7f6hr6-texlive-combined-full-2021-final/share/texmf/tex/generic/pgf/basiclayer/pgfcorerdf.code.tex
File: pgfcorerdf.code.tex 2021/05/15 v3.1.9a (3.1.9a)
))) (/nix/store/c3q3p5ba3k871p4ln73c6vqn8f7f6hr6-texlive-combined-full-2021-final/share/texmf/tex/generic/pgf/modules/pgfmoduleshapes.code.tex
File: pgfmoduleshapes.code.tex 2021/05/15 v3.1.9a (3.1.9a)
\pgfnodeparttextbox=\box56
) (/nix/store/c3q3p5ba3k871p4ln73c6vqn8f7f6hr6-texlive-combined-full-2021-final/share/texmf/tex/generic/pgf/modules/pgfmoduleplot.code.tex
File: pgfmoduleplot.code.tex 2021/05/15 v3.1.9a (3.1.9a)
) (/nix/store/c3q3p5ba3k871p4ln73c6vqn8f7f6hr6-texlive-combined-full-2021-final/share/texmf/tex/latex/pgf/compatibility/pgfcomp-version-0-65.sty
Package: pgfcomp-version-0-65 2021/05/15 v3.1.9a (3.1.9a)
\pgf@nodesepstart=\dimen179
\pgf@nodesepend=\dimen180
) (/nix/store/c3q3p5ba3k871p4ln73c6vqn8f7f6hr6-texlive-combined-full-2021-final/share/texmf/tex/latex/pgf/compatibility/pgfcomp-version-1-18.sty
Package: pgfcomp-version-1-18 2021/05/15 v3.1.9a (3.1.9a)
)) (/nix/store/c3q3p5ba3k871p4ln73c6vqn8f7f6hr6-texlive-combined-full-2021-final/share/texmf/tex/latex/pgf/utilities/pgffor.sty
(/nix/store/c3q3p5ba3k871p4ln73c6vqn8f7f6hr6-texlive-combined-full-2021-final/share/texmf/tex/latex/pgf/utilities/pgfkeys.sty (/nix/store/c3q3p5ba3k871p4ln73c6vqn8f7f6hr6-texlive-combined-full-2021-final/share/texmf/tex/generic/pgf/utilities/pgfkeys.code.tex)) (/nix/store/c3q3p5ba3k871p4ln73c6vqn8f7f6hr6-texlive-combined-full-2021-final/share/texmf/tex/latex/pgf/math/pgfmath.sty (/nix/store/c3q3p5ba3k871p4ln73c6vqn8f7f6hr6-texlive-combined-full-2021-final/share/texmf/tex/generic/pgf/math/pgfmath.code.tex)) (/nix/store/c3q3p5ba3k871p4ln73c6vqn8f7f6hr6-texlive-combined-full-2021-final/share/texmf/tex/generic/pgf/utilities/pgffor.code.tex
Package: pgffor 2021/05/15 v3.1.9a (3.1.9a)
 (/nix/store/c3q3p5ba3k871p4ln73c6vqn8f7f6hr6-texlive-combined-full-2021-final/share/texmf/tex/generic/pgf/math/pgfmath.code.tex)
\pgffor@iter=\dimen181
\pgffor@skip=\dimen182
\pgffor@stack=\toks30
\pgffor@toks=\toks31
)) (/nix/store/c3q3p5ba3k871p4ln73c6vqn8f7f6hr6-texlive-combined-full-2021-final/share/texmf/tex/generic/pgf/frontendlayer/tikz/tikz.code.tex
Package: tikz 2021/05/15 v3.1.9a (3.1.9a)
 (/nix/store/c3q3p5ba3k871p4ln73c6vqn8f7f6hr6-texlive-combined-full-2021-final/share/texmf/tex/generic/pgf/libraries/pgflibraryplothandlers.code.tex
File: pgflibraryplothandlers.code.tex 2021/05/15 v3.1.9a (3.1.9a)
\pgf@plot@mark@count=\count273
\pgfplotmarksize=\dimen183
)
\tikz@lastx=\dimen184
\tikz@lasty=\dimen185
\tikz@lastxsaved=\dimen186
\tikz@lastysaved=\dimen187
\tikz@lastmovetox=\dimen188
\tikz@lastmovetoy=\dimen189
\tikzleveldistance=\dimen190
\tikzsiblingdistance=\dimen191
\tikz@figbox=\box57
\tikz@figbox@bg=\box58
\tikz@tempbox=\box59
\tikz@tempbox@bg=\box60
\tikztreelevel=\count274
\tikznumberofchildren=\count275
\tikznumberofcurrentchild=\count276
\tikz@fig@count=\count277
 (/nix/store/c3q3p5ba3k871p4ln73c6vqn8f7f6hr6-texlive-combined-full-2021-final/share/texmf/tex/generic/pgf/modules/pgfmodulematrix.code.tex
File: pgfmodulematrix.code.tex 2021/05/15 v3.1.9a (3.1.9a)
\pgfmatrixcurrentrow=\count278
\pgfmatrixcurrentcolumn=\count279
\pgf@matrix@numberofcolumns=\count280
)
\tikz@expandcount=\count281
 (/nix/store/c3q3p5ba3k871p4ln73c6vqn8f7f6hr6-texlive-combined-full-2021-final/share/texmf/tex/generic/pgf/frontendlayer/tikz/libraries/tikzlibrarytopaths.code.tex
File: tikzlibrarytopaths.code.tex 2021/05/15 v3.1.9a (3.1.9a)
))) (/nix/store/c3q3p5ba3k871p4ln73c6vqn8f7f6hr6-texlive-combined-full-2021-final/share/texmf/tex/latex/amsmath/amsmath.sty
Package: amsmath 2021/10/15 v2.17l AMS math features
\@mathmargin=\skip49

For additional information on amsmath, use the `?' option.
(/nix/store/c3q3p5ba3k871p4ln73c6vqn8f7f6hr6-texlive-combined-full-2021-final/share/texmf/tex/latex/amsmath/amstext.sty
Package: amstext 2021/08/26 v2.01 AMS text
 (/nix/store/c3q3p5ba3k871p4ln73c6vqn8f7f6hr6-texlive-combined-full-2021-final/share/texmf/tex/latex/amsmath/amsgen.sty
File: amsgen.sty 1999/11/30 v2.0 generic functions
\@emptytoks=\toks32
\ex@=\dimen192
)) (/nix/store/c3q3p5ba3k871p4ln73c6vqn8f7f6hr6-texlive-combined-full-2021-final/share/texmf/tex/latex/amsmath/amsbsy.sty
Package: amsbsy 1999/11/29 v1.2d Bold Symbols
\pmbraise@=\dimen193
) (/nix/store/c3q3p5ba3k871p4ln73c6vqn8f7f6hr6-texlive-combined-full-2021-final/share/texmf/tex/latex/amsmath/amsopn.sty
Package: amsopn 2021/08/26 v2.02 operator names
)
\inf@bad=\count282
LaTeX Info: Redefining \frac on input line 234.
\uproot@=\count283
\leftroot@=\count284
LaTeX Info: Redefining \overline on input line 399.
\classnum@=\count285
\DOTSCASE@=\count286
LaTeX Info: Redefining \ldots on input line 496.
LaTeX Info: Redefining \dots on input line 499.
LaTeX Info: Redefining \cdots on input line 620.
\Mathstrutbox@=\box61
\strutbox@=\box62
\big@size=\dimen194
LaTeX Font Info:    Redeclaring font encoding OML on input line 743.
LaTeX Font Info:    Redeclaring font encoding OMS on input line 744.
\macc@depth=\count287
\c@MaxMatrixCols=\count288
\dotsspace@=\muskip16
\c@parentequation=\count289
\dspbrk@lvl=\count290
\tag@help=\toks33
\row@=\count291
\column@=\count292
\maxfields@=\count293
\andhelp@=\toks34
\eqnshift@=\dimen195
\alignsep@=\dimen196
\tagshift@=\dimen197
\tagwidth@=\dimen198
\totwidth@=\dimen199
\lineht@=\dimen256
\@envbody=\toks35
\multlinegap=\skip50
\multlinetaggap=\skip51
\mathdisplay@stack=\toks36
LaTeX Info: Redefining \[ on input line 2938.
LaTeX Info: Redefining \] on input line 2939.
) (/nix/store/c3q3p5ba3k871p4ln73c6vqn8f7f6hr6-texlive-combined-full-2021-final/share/texmf/tex/latex/l3backend/l3backend-pdftex.def
File: l3backend-pdftex.def 2022-02-07 L3 backend support: PDF output (pdfTeX)
\l__color_backend_stack_int=\count294
\l__pdf_internal_box=\box63
) (./lista10.aux)
\openout1 = `lista10.aux'.

LaTeX Font Info:    Checking defaults for OML/cmm/m/it on input line 15.
LaTeX Font Info:    ... okay on input line 15.
LaTeX Font Info:    Checking defaults for OMS/cmsy/m/n on input line 15.
LaTeX Font Info:    ... okay on input line 15.
LaTeX Font Info:    Checking defaults for OT1/cmr/m/n on input line 15.
LaTeX Font Info:    ... okay on input line 15.
LaTeX Font Info:    Checking defaults for T1/cmr/m/n on input line 15.
LaTeX Font Info:    ... okay on input line 15.
LaTeX Font Info:    Checking defaults for TS1/cmr/m/n on input line 15.
LaTeX Font Info:    ... okay on input line 15.
LaTeX Font Info:    Checking defaults for OMX/cmex/m/n on input line 15.
LaTeX Font Info:    ... okay on input line 15.
LaTeX Font Info:    Checking defaults for U/cmr/m/n on input line 15.
LaTeX Font Info:    ... okay on input line 15.
 (/nix/store/c3q3p5ba3k871p4ln73c6vqn8f7f6hr6-texlive-combined-full-2021-final/share/texmf/tex/context/base/mkii/supp-pdf.mkii
[Loading MPS to PDF converter (version 2006.09.02).]
\scratchcounter=\count295
\scratchdimen=\dimen257
\scratchbox=\box64
\nofMPsegments=\count296
\nofMParguments=\count297
\everyMPshowfont=\toks37
\MPscratchCnt=\count298
\MPscratchDim=\dimen258
\MPnumerator=\count299
\makeMPintoPDFobject=\count300
\everyMPtoPDFconversion=\toks38
) (/nix/store/c3q3p5ba3k871p4ln73c6vqn8f7f6hr6-texlive-combined-full-2021-final/share/texmf/tex/latex/epstopdf-pkg/epstopdf-base.sty
Package: epstopdf-base 2020-01-24 v2.11 Base part for package epstopdf
 (/nix/store/c3q3p5ba3k871p4ln73c6vqn8f7f6hr6-texlive-combined-full-2021-final/share/texmf/tex/generic/infwarerr/infwarerr.sty
Package: infwarerr 2019/12/03 v1.5 Providing info/warning/error messages (HO)
) (/nix/store/c3q3p5ba3k871p4ln73c6vqn8f7f6hr6-texlive-combined-full-2021-final/share/texmf/tex/latex/grfext/grfext.sty
Package: grfext 2019/12/03 v1.3 Manage graphics extensions (HO)
 (/nix/store/c3q3p5ba3k871p4ln73c6vqn8f7f6hr6-texlive-combined-full-2021-final/share/texmf/tex/generic/kvdefinekeys/kvdefinekeys.sty
Package: kvdefinekeys 2019-12-19 v1.6 Define keys (HO)
)) (/nix/store/c3q3p5ba3k871p4ln73c6vqn8f7f6hr6-texlive-combined-full-2021-final/share/texmf/tex/latex/kvoptions/kvoptions.sty
Package: kvoptions 2020-10-07 v3.14 Key value format for package options (HO)
 (/nix/store/c3q3p5ba3k871p4ln73c6vqn8f7f6hr6-texlive-combined-full-2021-final/share/texmf/tex/generic/ltxcmds/ltxcmds.sty
Package: ltxcmds 2020-05-10 v1.25 LaTeX kernel commands for general use (HO)
) (/nix/store/c3q3p5ba3k871p4ln73c6vqn8f7f6hr6-texlive-combined-full-2021-final/share/texmf/tex/generic/kvsetkeys/kvsetkeys.sty
Package: kvsetkeys 2019/12/15 v1.18 Key value parser (HO)
)) (/nix/store/c3q3p5ba3k871p4ln73c6vqn8f7f6hr6-texlive-combined-full-2021-final/share/texmf/tex/generic/pdftexcmds/pdftexcmds.sty
Package: pdftexcmds 2020-06-27 v0.33 Utility functions of pdfTeX for LuaTeX (HO)
 (/nix/store/c3q3p5ba3k871p4ln73c6vqn8f7f6hr6-texlive-combined-full-2021-final/share/texmf/tex/generic/iftex/iftex.sty
Package: iftex 2022/02/03 v1.0f TeX engine tests
)
Package pdftexcmds Info: \pdf@primitive is available.
Package pdftexcmds Info: \pdf@ifprimitive is available.
Package pdftexcmds Info: \pdfdraftmode found.
)
Package epstopdf-base Info: Redefining graphics rule for `.eps' on input line 485.
Package grfext Info: Graphics extension search list:
(grfext)             [.pdf,.png,.jpg,.mps,.jpeg,.jbig2,.jb2,.PDF,.PNG,.JPG,.JPEG,.JBIG2,.JB2,.eps]
(grfext)             \AppendGraphicsExtensions on input line 504.
 (/nix/store/c3q3p5ba3k871p4ln73c6vqn8f7f6hr6-texlive-combined-full-2021-final/share/texmf/tex/latex/latexconfig/epstopdf-sys.cfg
File: epstopdf-sys.cfg 2010/07/13 v1.3 Configuration of (r)epstopdf for TeX Live
))
LaTeX Font Info:    Trying to load font information for U+msa on input line 17.
 (/nix/store/c3q3p5ba3k871p4ln73c6vqn8f7f6hr6-texlive-combined-full-2021-final/share/texmf/tex/latex/amsfonts/umsa.fd
File: umsa.fd 2013/01/14 v3.01 AMS symbols A
)
LaTeX Font Info:    Trying to load font information for U+msb on input line 17.
 (/nix/store/c3q3p5ba3k871p4ln73c6vqn8f7f6hr6-texlive-combined-full-2021-final/share/texmf/tex/latex/amsfonts/umsb.fd
File: umsb.fd 2013/01/14 v3.01 AMS symbols B
) [1

{/nix/store/c3q3p5ba3k871p4ln73c6vqn8f7f6hr6-texlive-combined-full-2021-final/share/texmf-var/fonts/map/pdftex/updmap/pdftex.map}] [2] [3] (./lista10.aux) ) 
Here is how much of TeX's memory you used:
 14508 strings out of 478278
 305336 string characters out of 5819600
 567055 words of memory out of 5000000
 32439 multiletter control sequences out of 15000+600000
 480993 words of font info for 61 fonts, out of 8000000 for 9000
 1141 hyphenation exceptions out of 8191
 100i,6n,104p,746b,353s stack positions out of 5000i,500n,10000p,200000b,80000s
{/nix/store/c3q3p5ba3k871p4ln73c6vqn8f7f6hr6-texlive-combined-full-2021-final/share/texmf/fonts/enc/dvips/cm-super/cm-super-t1.enc}</nix/store/c3q3p5ba3k871p4ln73c6vqn8f7f6hr6-texlive-combined-full-2021-final/share/texmf/fonts/type1/public/amsfonts/cm/cmmi10.pfb></nix/store/c3q3p5ba3k871p4ln73c6vqn8f7f6hr6-texlive-combined-full-2021-final/share/texmf/fonts/type1/public/amsfonts/cm/cmmi5.pfb></nix/store/c3q3p5ba3k871p4ln73c6vqn8f7f6hr6-texlive-combined-full-2021-final/share/texmf/fonts/type1/public/amsfonts/cm/cmmi7.pfb></nix/store/c3q3p5ba3k871p4ln73c6vqn8f7f6hr6-texlive-combined-full-2021-final/share/texmf/fonts/type1/public/amsfonts/cm/cmr10.pfb></nix/store/c3q3p5ba3k871p4ln73c6vqn8f7f6hr6-texlive-combined-full-2021-final/share/texmf/fonts/type1/public/amsfonts/cm/cmr5.pfb></nix/store/c3q3p5ba3k871p4ln73c6vqn8f7f6hr6-texlive-combined-full-2021-final/share/texmf/fonts/type1/public/amsfonts/cm/cmr7.pfb></nix/store/c3q3p5ba3k871p4ln73c6vqn8f7f6hr6-texlive-combined-full-2021-final/share/texmf/fonts/type1/public/amsfonts/cm/cmsy10.pfb></nix/store/c3q3p5ba3k871p4ln73c6vqn8f7f6hr6-texlive-combined-full-2021-final/share/texmf/fonts/type1/public/amsfonts/cm/cmsy5.pfb></nix/store/c3q3p5ba3k871p4ln73c6vqn8f7f6hr6-texlive-combined-full-2021-final/share/texmf/fonts/type1/public/amsfonts/cm/cmsy7.pfb></nix/store/c3q3p5ba3k871p4ln73c6vqn8f7f6hr6-texlive-combined-full-2021-final/share/texmf/fonts/type1/public/cm-super/sfbx1000.pfb></nix/store/c3q3p5ba3k871p4ln73c6vqn8f7f6hr6-texlive-combined-full-2021-final/share/texmf/fonts/type1/public/cm-super/sfbx1200.pfb></nix/store/c3q3p5ba3k871p4ln73c6vqn8f7f6hr6-texlive-combined-full-2021-final/share/texmf/fonts/type1/public/cm-super/sfbx1440.pfb></nix/store/c3q3p5ba3k871p4ln73c6vqn8f7f6hr6-texlive-combined-full-2021-final/share/texmf/fonts/type1/public/cm-super/sfrm1000.pfb></nix/store/c3q3p5ba3k871p4ln73c6vqn8f7f6hr6-texlive-combined-full-2021-final/share/texmf/fonts/type1/public/cm-super/sfrm1200.pfb></nix/store/c3q3p5ba3k871p4ln73c6vqn8f7f6hr6-texlive-combined-full-2021-final/share/texmf/fonts/type1/public/cm-super/sfrm1728.pfb>
Output written on lista10.pdf (3 pages, 185760 bytes).
PDF statistics:
 93 PDF objects out of 1000 (max. 8388607)
 57 compressed objects within 1 object stream
 0 named destinations out of 1000 (max. 500000)
 13 words of extra memory for PDF output out of 10000 (max. 10000000)

