This is pdfTeX, Version 3.141592653-2.6-1.40.24 (TeX Live 2022/nixos.org) (preloaded format=pdflatex 1980.1.1)  3 MAR 2023 08:05
entering extended mode
 restricted \write18 enabled.
 file:line:error style messages enabled.
 %&-line parsing enabled.
**/home/sileanth/studia/automata/ex.tex
(/home/sileanth/studia/automata/ex.tex
LaTeX2e <2022-11-01> patch level 1
L3 programming layer <2022-12-17> (/nix/store/v00q1nzjd2wfwar8yf2vl5aic7gq6qzi-texlive-combined-full-2022.20221227/share/texmf/tex/latex/base/article.cls
Document Class: article 2022/07/02 v1.4n Standard LaTeX document class
(/nix/store/v00q1nzjd2wfwar8yf2vl5aic7gq6qzi-texlive-combined-full-2022.20221227/share/texmf/tex/latex/base/size10.clo
File: size10.clo 2022/07/02 v1.4n Standard LaTeX file (size option)
)
\c@part=\count185
\c@section=\count186
\c@subsection=\count187
\c@subsubsection=\count188
\c@paragraph=\count189
\c@subparagraph=\count190
\c@figure=\count191
\c@table=\count192
\abovecaptionskip=\skip48
\belowcaptionskip=\skip49
\bibindent=\dimen140
)

! LaTeX Error: File `./../aut.sty' not found.

Type X to quit or <RETURN> to proceed,
or enter new name. (Default extension: sty)

Enter file name: 
/home/sileanth/studia/automata/ex.tex:3: Emergency stop.
<read *> 
         
l.3 \pagestyle
              {plain}^^M
*** (cannot \read from terminal in nonstop modes)

 
Here is how much of TeX's memory you used:
 234 strings out of 476093
 3260 string characters out of 5763139
 1848793 words of memory out of 5000000
 20704 multiletter control sequences out of 15000+600000
 512287 words of font info for 32 fonts, out of 8000000 for 9000
 1141 hyphenation exceptions out of 8191
 34i,0n,38p,173b,36s stack positions out of 10000i,1000n,20000p,200000b,200000s
/home/sileanth/studia/automata/ex.tex:3:  ==> Fatal error occurred, no output PDF file produced!
