This is pdfTeX, Version 3.141592653-2.6-1.40.24 (TeX Live 2022/nixos.org) (preloaded format=pdflatex 1980.1.1)  23 FEB 2024 17:20
entering extended mode
 restricted \write18 enabled.
 file:line:error style messages enabled.
 %&-line parsing enabled.
**/home/sileanth/repos/studia/jfizo/zadania/l1/l1.tex
(/home/sileanth/repos/studia/jfizo/zadania/l1/l1.tex
LaTeX2e <2022-11-01> patch level 1
L3 programming layer <2023-02-22> (/nix/store/pc9xmkf4fsn9p5asy7rg060s2y79x6m5-texlive-combined-2022-texmfdist/tex/latex/base/article.cls
Document Class: article 2022/07/02 v1.4n Standard LaTeX document class
(/nix/store/pc9xmkf4fsn9p5asy7rg060s2y79x6m5-texlive-combined-2022-texmfdist/tex/latex/base/size10.clo
File: size10.clo 2022/07/02 v1.4n Standard LaTeX file (size option)
)
\c@part=\count185
\c@section=\count186
\c@subsection=\count187
\c@subsubsection=\count188
\c@paragraph=\count189
\c@subparagraph=\count190
\c@figure=\count191
\c@table=\count192
\abovecaptionskip=\skip48
\belowcaptionskip=\skip49
\bibindent=\dimen140
) (/nix/store/pc9xmkf4fsn9p5asy7rg060s2y79x6m5-texlive-combined-2022-texmfdist/tex/latex/base/inputenc.sty
Package: inputenc 2021/02/14 v1.3d Input encoding file
\inpenc@prehook=\toks16
\inpenc@posthook=\toks17
) (/nix/store/pc9xmkf4fsn9p5asy7rg060s2y79x6m5-texlive-combined-2022-texmfdist/tex/latex/geometry/geometry.sty
Package: geometry 2020/01/02 v5.9 Page Geometry
 (/nix/store/pc9xmkf4fsn9p5asy7rg060s2y79x6m5-texlive-combined-2022-texmfdist/tex/latex/graphics/keyval.sty
Package: keyval 2022/05/29 v1.15 key=value parser (DPC)
\KV@toks@=\toks18
) (/nix/store/pc9xmkf4fsn9p5asy7rg060s2y79x6m5-texlive-combined-2022-texmfdist/tex/generic/iftex/ifvtex.sty
Package: ifvtex 2019/10/25 v1.7 ifvtex legacy package. Use iftex instead.
 (/nix/store/pc9xmkf4fsn9p5asy7rg060s2y79x6m5-texlive-combined-2022-texmfdist/tex/generic/iftex/iftex.sty
Package: iftex 2022/02/03 v1.0f TeX engine tests
))
\Gm@cnth=\count193
\Gm@cntv=\count194
\c@Gm@tempcnt=\count195
\Gm@bindingoffset=\dimen141
\Gm@wd@mp=\dimen142
\Gm@odd@mp=\dimen143
\Gm@even@mp=\dimen144
\Gm@layoutwidth=\dimen145
\Gm@layoutheight=\dimen146
\Gm@layouthoffset=\dimen147
\Gm@layoutvoffset=\dimen148
\Gm@dimlist=\toks19
) (/nix/store/pc9xmkf4fsn9p5asy7rg060s2y79x6m5-texlive-combined-2022-texmfdist/tex/latex/base/fontenc.sty
Package: fontenc 2021/04/29 v2.0v Standard LaTeX package
) (/nix/store/pc9xmkf4fsn9p5asy7rg060s2y79x6m5-texlive-combined-2022-texmfdist/tex/generic/babel/babel.sty
Package: babel 2023/02/13 3.86 The Babel package
\babel@savecnt=\count196
\U@D=\dimen149
\l@unhyphenated=\language87
 (/nix/store/pc9xmkf4fsn9p5asy7rg060s2y79x6m5-texlive-combined-2022-texmfdist/tex/generic/babel/txtbabel.def)
\bbl@readstream=\read2
\bbl@dirlevel=\count197
 (/nix/store/pc9xmkf4fsn9p5asy7rg060s2y79x6m5-texlive-combined-2022-texmfdist/tex/generic/babel-polish/polish.ldf
Language: polish 2022/03/12 1.3 Babel support for Polish
Package babel Info: Making " an active character on input line 101.
)) (/nix/store/pc9xmkf4fsn9p5asy7rg060s2y79x6m5-texlive-combined-2022-texmfdist/tex/generic/babel/locale/pl/babel-polish.tex
Package babel Info: Importing font and identification data for polish
(babel)             from babel-pl.ini. Reported on input line 11.
) (/nix/store/pc9xmkf4fsn9p5asy7rg060s2y79x6m5-texlive-combined-2022-texmfdist/tex/latex/pgf/frontendlayer/tikz.sty (/nix/store/pc9xmkf4fsn9p5asy7rg060s2y79x6m5-texlive-combined-2022-texmfdist/tex/latex/pgf/basiclayer/pgf.sty (/nix/store/pc9xmkf4fsn9p5asy7rg060s2y79x6m5-texlive-combined-2022-texmfdist/tex/latex/pgf/utilities/pgfrcs.sty (/nix/store/pc9xmkf4fsn9p5asy7rg060s2y79x6m5-texlive-combined-2022-texmfdist/tex/generic/pgf/utilities/pgfutil-common.tex
\pgfutil@everybye=\toks20
\pgfutil@tempdima=\dimen150
\pgfutil@tempdimb=\dimen151
) (/nix/store/pc9xmkf4fsn9p5asy7rg060s2y79x6m5-texlive-combined-2022-texmfdist/tex/generic/pgf/utilities/pgfutil-latex.def
\pgfutil@abb=\box51
) (/nix/store/pc9xmkf4fsn9p5asy7rg060s2y79x6m5-texlive-combined-2022-texmfdist/tex/generic/pgf/utilities/pgfrcs.code.tex (/nix/store/pc9xmkf4fsn9p5asy7rg060s2y79x6m5-texlive-combined-2022-texmfdist/tex/generic/pgf/pgf.revision.tex)
Package: pgfrcs 2023-01-15 v3.1.10 (3.1.10)
))
Package: pgf 2023-01-15 v3.1.10 (3.1.10)
 (/nix/store/pc9xmkf4fsn9p5asy7rg060s2y79x6m5-texlive-combined-2022-texmfdist/tex/latex/pgf/basiclayer/pgfcore.sty (/nix/store/pc9xmkf4fsn9p5asy7rg060s2y79x6m5-texlive-combined-2022-texmfdist/tex/latex/graphics/graphicx.sty
Package: graphicx 2021/09/16 v1.2d Enhanced LaTeX Graphics (DPC,SPQR)
 (/nix/store/pc9xmkf4fsn9p5asy7rg060s2y79x6m5-texlive-combined-2022-texmfdist/tex/latex/graphics/graphics.sty
Package: graphics 2022/03/10 v1.4e Standard LaTeX Graphics (DPC,SPQR)
 (/nix/store/pc9xmkf4fsn9p5asy7rg060s2y79x6m5-texlive-combined-2022-texmfdist/tex/latex/graphics/trig.sty
Package: trig 2021/08/11 v1.11 sin cos tan (DPC)
) (/nix/store/pc9xmkf4fsn9p5asy7rg060s2y79x6m5-texlive-combined-2022-texmfdist/tex/latex/graphics-cfg/graphics.cfg
File: graphics.cfg 2016/06/04 v1.11 sample graphics configuration
)
Package graphics Info: Driver file: pdftex.def on input line 107.
 (/nix/store/pc9xmkf4fsn9p5asy7rg060s2y79x6m5-texlive-combined-2022-texmfdist/tex/latex/graphics-def/pdftex.def
File: pdftex.def 2022/09/22 v1.2b Graphics/color driver for pdftex
))
\Gin@req@height=\dimen152
\Gin@req@width=\dimen153
) (/nix/store/pc9xmkf4fsn9p5asy7rg060s2y79x6m5-texlive-combined-2022-texmfdist/tex/latex/pgf/systemlayer/pgfsys.sty (/nix/store/pc9xmkf4fsn9p5asy7rg060s2y79x6m5-texlive-combined-2022-texmfdist/tex/generic/pgf/systemlayer/pgfsys.code.tex
Package: pgfsys 2023-01-15 v3.1.10 (3.1.10)
 (/nix/store/pc9xmkf4fsn9p5asy7rg060s2y79x6m5-texlive-combined-2022-texmfdist/tex/generic/pgf/utilities/pgfkeys.code.tex
\pgfkeys@pathtoks=\toks21
\pgfkeys@temptoks=\toks22
 (/nix/store/pc9xmkf4fsn9p5asy7rg060s2y79x6m5-texlive-combined-2022-texmfdist/tex/generic/pgf/utilities/pgfkeyslibraryfiltered.code.tex
\pgfkeys@tmptoks=\toks23
))
\pgf@x=\dimen154
\pgf@y=\dimen155
\pgf@xa=\dimen156
\pgf@ya=\dimen157
\pgf@xb=\dimen158
\pgf@yb=\dimen159
\pgf@xc=\dimen160
\pgf@yc=\dimen161
\pgf@xd=\dimen162
\pgf@yd=\dimen163
\w@pgf@writea=\write3
\r@pgf@reada=\read3
\c@pgf@counta=\count198
\c@pgf@countb=\count199
\c@pgf@countc=\count266
\c@pgf@countd=\count267
\t@pgf@toka=\toks24
\t@pgf@tokb=\toks25
\t@pgf@tokc=\toks26
\pgf@sys@id@count=\count268
 (/nix/store/pc9xmkf4fsn9p5asy7rg060s2y79x6m5-texlive-combined-2022-texmfdist/tex/generic/pgf/systemlayer/pgf.cfg
File: pgf.cfg 2023-01-15 v3.1.10 (3.1.10)
)
Driver file for pgf: pgfsys-pdftex.def
 (/nix/store/pc9xmkf4fsn9p5asy7rg060s2y79x6m5-texlive-combined-2022-texmfdist/tex/generic/pgf/systemlayer/pgfsys-pdftex.def
File: pgfsys-pdftex.def 2023-01-15 v3.1.10 (3.1.10)
 (/nix/store/pc9xmkf4fsn9p5asy7rg060s2y79x6m5-texlive-combined-2022-texmfdist/tex/generic/pgf/systemlayer/pgfsys-common-pdf.def
File: pgfsys-common-pdf.def 2023-01-15 v3.1.10 (3.1.10)
))) (/nix/store/pc9xmkf4fsn9p5asy7rg060s2y79x6m5-texlive-combined-2022-texmfdist/tex/generic/pgf/systemlayer/pgfsyssoftpath.code.tex
File: pgfsyssoftpath.code.tex 2023-01-15 v3.1.10 (3.1.10)
\pgfsyssoftpath@smallbuffer@items=\count269
\pgfsyssoftpath@bigbuffer@items=\count270
) (/nix/store/pc9xmkf4fsn9p5asy7rg060s2y79x6m5-texlive-combined-2022-texmfdist/tex/generic/pgf/systemlayer/pgfsysprotocol.code.tex
File: pgfsysprotocol.code.tex 2023-01-15 v3.1.10 (3.1.10)
)) (/nix/store/pc9xmkf4fsn9p5asy7rg060s2y79x6m5-texlive-combined-2022-texmfdist/tex/latex/xcolor/xcolor.sty
Package: xcolor 2022/06/12 v2.14 LaTeX color extensions (UK)
 (/nix/store/pc9xmkf4fsn9p5asy7rg060s2y79x6m5-texlive-combined-2022-texmfdist/tex/latex/graphics-cfg/color.cfg
File: color.cfg 2016/01/02 v1.6 sample color configuration
)
Package xcolor Info: Driver file: pdftex.def on input line 227.
 (/nix/store/pc9xmkf4fsn9p5asy7rg060s2y79x6m5-texlive-combined-2022-texmfdist/tex/latex/graphics/mathcolor.ltx)
Package xcolor Info: Model `cmy' substituted by `cmy0' on input line 1353.
Package xcolor Info: Model `hsb' substituted by `rgb' on input line 1357.
Package xcolor Info: Model `RGB' extended on input line 1369.
Package xcolor Info: Model `HTML' substituted by `rgb' on input line 1371.
Package xcolor Info: Model `Hsb' substituted by `hsb' on input line 1372.
Package xcolor Info: Model `tHsb' substituted by `hsb' on input line 1373.
Package xcolor Info: Model `HSB' substituted by `hsb' on input line 1374.
Package xcolor Info: Model `Gray' substituted by `gray' on input line 1375.
Package xcolor Info: Model `wave' substituted by `hsb' on input line 1376.
) (/nix/store/pc9xmkf4fsn9p5asy7rg060s2y79x6m5-texlive-combined-2022-texmfdist/tex/generic/pgf/basiclayer/pgfcore.code.tex
Package: pgfcore 2023-01-15 v3.1.10 (3.1.10)
 (/nix/store/pc9xmkf4fsn9p5asy7rg060s2y79x6m5-texlive-combined-2022-texmfdist/tex/generic/pgf/math/pgfmath.code.tex (/nix/store/pc9xmkf4fsn9p5asy7rg060s2y79x6m5-texlive-combined-2022-texmfdist/tex/generic/pgf/math/pgfmathutil.code.tex) (/nix/store/pc9xmkf4fsn9p5asy7rg060s2y79x6m5-texlive-combined-2022-texmfdist/tex/generic/pgf/math/pgfmathparser.code.tex
\pgfmath@dimen=\dimen164
\pgfmath@count=\count271
\pgfmath@box=\box52
\pgfmath@toks=\toks27
\pgfmath@stack@operand=\toks28
\pgfmath@stack@operation=\toks29
) (/nix/store/pc9xmkf4fsn9p5asy7rg060s2y79x6m5-texlive-combined-2022-texmfdist/tex/generic/pgf/math/pgfmathfunctions.code.tex) (/nix/store/pc9xmkf4fsn9p5asy7rg060s2y79x6m5-texlive-combined-2022-texmfdist/tex/generic/pgf/math/pgfmathfunctions.basic.code.tex) (/nix/store/pc9xmkf4fsn9p5asy7rg060s2y79x6m5-texlive-combined-2022-texmfdist/tex/generic/pgf/math/pgfmathfunctions.trigonometric.code.tex) (/nix/store/pc9xmkf4fsn9p5asy7rg060s2y79x6m5-texlive-combined-2022-texmfdist/tex/generic/pgf/math/pgfmathfunctions.random.code.tex) (/nix/store/pc9xmkf4fsn9p5asy7rg060s2y79x6m5-texlive-combined-2022-texmfdist/tex/generic/pgf/math/pgfmathfunctions.comparison.code.tex) (/nix/store/pc9xmkf4fsn9p5asy7rg060s2y79x6m5-texlive-combined-2022-texmfdist/tex/generic/pgf/math/pgfmathfunctions.base.code.tex) (/nix/store/pc9xmkf4fsn9p5asy7rg060s2y79x6m5-texlive-combined-2022-texmfdist/tex/generic/pgf/math/pgfmathfunctions.round.code.tex) (/nix/store/pc9xmkf4fsn9p5asy7rg060s2y79x6m5-texlive-combined-2022-texmfdist/tex/generic/pgf/math/pgfmathfunctions.misc.code.tex) (/nix/store/pc9xmkf4fsn9p5asy7rg060s2y79x6m5-texlive-combined-2022-texmfdist/tex/generic/pgf/math/pgfmathfunctions.integerarithmetics.code.tex) (/nix/store/pc9xmkf4fsn9p5asy7rg060s2y79x6m5-texlive-combined-2022-texmfdist/tex/generic/pgf/math/pgfmathcalc.code.tex) (/nix/store/pc9xmkf4fsn9p5asy7rg060s2y79x6m5-texlive-combined-2022-texmfdist/tex/generic/pgf/math/pgfmathfloat.code.tex
\c@pgfmathroundto@lastzeros=\count272
)) (/nix/store/pc9xmkf4fsn9p5asy7rg060s2y79x6m5-texlive-combined-2022-texmfdist/tex/generic/pgf/math/pgfint.code.tex) (/nix/store/pc9xmkf4fsn9p5asy7rg060s2y79x6m5-texlive-combined-2022-texmfdist/tex/generic/pgf/basiclayer/pgfcorepoints.code.tex
File: pgfcorepoints.code.tex 2023-01-15 v3.1.10 (3.1.10)
\pgf@picminx=\dimen165
\pgf@picmaxx=\dimen166
\pgf@picminy=\dimen167
\pgf@picmaxy=\dimen168
\pgf@pathminx=\dimen169
\pgf@pathmaxx=\dimen170
\pgf@pathminy=\dimen171
\pgf@pathmaxy=\dimen172
\pgf@xx=\dimen173
\pgf@xy=\dimen174
\pgf@yx=\dimen175
\pgf@yy=\dimen176
\pgf@zx=\dimen177
\pgf@zy=\dimen178
) (/nix/store/pc9xmkf4fsn9p5asy7rg060s2y79x6m5-texlive-combined-2022-texmfdist/tex/generic/pgf/basiclayer/pgfcorepathconstruct.code.tex
File: pgfcorepathconstruct.code.tex 2023-01-15 v3.1.10 (3.1.10)
\pgf@path@lastx=\dimen179
\pgf@path@lasty=\dimen180
) (/nix/store/pc9xmkf4fsn9p5asy7rg060s2y79x6m5-texlive-combined-2022-texmfdist/tex/generic/pgf/basiclayer/pgfcorepathusage.code.tex
File: pgfcorepathusage.code.tex 2023-01-15 v3.1.10 (3.1.10)
\pgf@shorten@end@additional=\dimen181
\pgf@shorten@start@additional=\dimen182
) (/nix/store/pc9xmkf4fsn9p5asy7rg060s2y79x6m5-texlive-combined-2022-texmfdist/tex/generic/pgf/basiclayer/pgfcorescopes.code.tex
File: pgfcorescopes.code.tex 2023-01-15 v3.1.10 (3.1.10)
\pgfpic=\box53
\pgf@hbox=\box54
\pgf@layerbox@main=\box55
\pgf@picture@serial@count=\count273
) (/nix/store/pc9xmkf4fsn9p5asy7rg060s2y79x6m5-texlive-combined-2022-texmfdist/tex/generic/pgf/basiclayer/pgfcoregraphicstate.code.tex
File: pgfcoregraphicstate.code.tex 2023-01-15 v3.1.10 (3.1.10)
\pgflinewidth=\dimen183
) (/nix/store/pc9xmkf4fsn9p5asy7rg060s2y79x6m5-texlive-combined-2022-texmfdist/tex/generic/pgf/basiclayer/pgfcoretransformations.code.tex
File: pgfcoretransformations.code.tex 2023-01-15 v3.1.10 (3.1.10)
\pgf@pt@x=\dimen184
\pgf@pt@y=\dimen185
\pgf@pt@temp=\dimen186
) (/nix/store/pc9xmkf4fsn9p5asy7rg060s2y79x6m5-texlive-combined-2022-texmfdist/tex/generic/pgf/basiclayer/pgfcorequick.code.tex
File: pgfcorequick.code.tex 2023-01-15 v3.1.10 (3.1.10)
) (/nix/store/pc9xmkf4fsn9p5asy7rg060s2y79x6m5-texlive-combined-2022-texmfdist/tex/generic/pgf/basiclayer/pgfcoreobjects.code.tex
File: pgfcoreobjects.code.tex 2023-01-15 v3.1.10 (3.1.10)
) (/nix/store/pc9xmkf4fsn9p5asy7rg060s2y79x6m5-texlive-combined-2022-texmfdist/tex/generic/pgf/basiclayer/pgfcorepathprocessing.code.tex
File: pgfcorepathprocessing.code.tex 2023-01-15 v3.1.10 (3.1.10)
) (/nix/store/pc9xmkf4fsn9p5asy7rg060s2y79x6m5-texlive-combined-2022-texmfdist/tex/generic/pgf/basiclayer/pgfcorearrows.code.tex
File: pgfcorearrows.code.tex 2023-01-15 v3.1.10 (3.1.10)
\pgfarrowsep=\dimen187
) (/nix/store/pc9xmkf4fsn9p5asy7rg060s2y79x6m5-texlive-combined-2022-texmfdist/tex/generic/pgf/basiclayer/pgfcoreshade.code.tex
File: pgfcoreshade.code.tex 2023-01-15 v3.1.10 (3.1.10)
\pgf@max=\dimen188
\pgf@sys@shading@range@num=\count274
\pgf@shadingcount=\count275
) (/nix/store/pc9xmkf4fsn9p5asy7rg060s2y79x6m5-texlive-combined-2022-texmfdist/tex/generic/pgf/basiclayer/pgfcoreimage.code.tex
File: pgfcoreimage.code.tex 2023-01-15 v3.1.10 (3.1.10)
) (/nix/store/pc9xmkf4fsn9p5asy7rg060s2y79x6m5-texlive-combined-2022-texmfdist/tex/generic/pgf/basiclayer/pgfcoreexternal.code.tex
File: pgfcoreexternal.code.tex 2023-01-15 v3.1.10 (3.1.10)
\pgfexternal@startupbox=\box56
) (/nix/store/pc9xmkf4fsn9p5asy7rg060s2y79x6m5-texlive-combined-2022-texmfdist/tex/generic/pgf/basiclayer/pgfcorelayers.code.tex
File: pgfcorelayers.code.tex 2023-01-15 v3.1.10 (3.1.10)
) (/nix/store/pc9xmkf4fsn9p5asy7rg060s2y79x6m5-texlive-combined-2022-texmfdist/tex/generic/pgf/basiclayer/pgfcoretransparency.code.tex
File: pgfcoretransparency.code.tex 2023-01-15 v3.1.10 (3.1.10)
) (/nix/store/pc9xmkf4fsn9p5asy7rg060s2y79x6m5-texlive-combined-2022-texmfdist/tex/generic/pgf/basiclayer/pgfcorepatterns.code.tex
File: pgfcorepatterns.code.tex 2023-01-15 v3.1.10 (3.1.10)
) (/nix/store/pc9xmkf4fsn9p5asy7rg060s2y79x6m5-texlive-combined-2022-texmfdist/tex/generic/pgf/basiclayer/pgfcorerdf.code.tex
File: pgfcorerdf.code.tex 2023-01-15 v3.1.10 (3.1.10)
))) (/nix/store/pc9xmkf4fsn9p5asy7rg060s2y79x6m5-texlive-combined-2022-texmfdist/tex/generic/pgf/modules/pgfmoduleshapes.code.tex
File: pgfmoduleshapes.code.tex 2023-01-15 v3.1.10 (3.1.10)
\pgfnodeparttextbox=\box57
) (/nix/store/pc9xmkf4fsn9p5asy7rg060s2y79x6m5-texlive-combined-2022-texmfdist/tex/generic/pgf/modules/pgfmoduleplot.code.tex
File: pgfmoduleplot.code.tex 2023-01-15 v3.1.10 (3.1.10)
) (/nix/store/pc9xmkf4fsn9p5asy7rg060s2y79x6m5-texlive-combined-2022-texmfdist/tex/latex/pgf/compatibility/pgfcomp-version-0-65.sty
Package: pgfcomp-version-0-65 2023-01-15 v3.1.10 (3.1.10)
\pgf@nodesepstart=\dimen189
\pgf@nodesepend=\dimen190
) (/nix/store/pc9xmkf4fsn9p5asy7rg060s2y79x6m5-texlive-combined-2022-texmfdist/tex/latex/pgf/compatibility/pgfcomp-version-1-18.sty
Package: pgfcomp-version-1-18 2023-01-15 v3.1.10 (3.1.10)
)) (/nix/store/pc9xmkf4fsn9p5asy7rg060s2y79x6m5-texlive-combined-2022-texmfdist/tex/latex/pgf/utilities/pgffor.sty (/nix/store/pc9xmkf4fsn9p5asy7rg060s2y79x6m5-texlive-combined-2022-texmfdist/tex/latex/pgf/utilities/pgfkeys.sty (/nix/store/pc9xmkf4fsn9p5asy7rg060s2y79x6m5-texlive-combined-2022-texmfdist/tex/generic/pgf/utilities/pgfkeys.code.tex)) (/nix/store/pc9xmkf4fsn9p5asy7rg060s2y79x6m5-texlive-combined-2022-texmfdist/tex/latex/pgf/math/pgfmath.sty (/nix/store/pc9xmkf4fsn9p5asy7rg060s2y79x6m5-texlive-combined-2022-texmfdist/tex/generic/pgf/math/pgfmath.code.tex)) (/nix/store/pc9xmkf4fsn9p5asy7rg060s2y79x6m5-texlive-combined-2022-texmfdist/tex/generic/pgf/utilities/pgffor.code.tex
Package: pgffor 2023-01-15 v3.1.10 (3.1.10)
\pgffor@iter=\dimen191
\pgffor@skip=\dimen192
\pgffor@stack=\toks30
\pgffor@toks=\toks31
)) (/nix/store/pc9xmkf4fsn9p5asy7rg060s2y79x6m5-texlive-combined-2022-texmfdist/tex/generic/pgf/frontendlayer/tikz/tikz.code.tex
Package: tikz 2023-01-15 v3.1.10 (3.1.10)
 (/nix/store/pc9xmkf4fsn9p5asy7rg060s2y79x6m5-texlive-combined-2022-texmfdist/tex/generic/pgf/libraries/pgflibraryplothandlers.code.tex
File: pgflibraryplothandlers.code.tex 2023-01-15 v3.1.10 (3.1.10)
\pgf@plot@mark@count=\count276
\pgfplotmarksize=\dimen193
)
\tikz@lastx=\dimen194
\tikz@lasty=\dimen195
\tikz@lastxsaved=\dimen196
\tikz@lastysaved=\dimen197
\tikz@lastmovetox=\dimen198
\tikz@lastmovetoy=\dimen199
\tikzleveldistance=\dimen256
\tikzsiblingdistance=\dimen257
\tikz@figbox=\box58
\tikz@figbox@bg=\box59
\tikz@tempbox=\box60
\tikz@tempbox@bg=\box61
\tikztreelevel=\count277
\tikznumberofchildren=\count278
\tikznumberofcurrentchild=\count279
\tikz@fig@count=\count280
 (/nix/store/pc9xmkf4fsn9p5asy7rg060s2y79x6m5-texlive-combined-2022-texmfdist/tex/generic/pgf/modules/pgfmodulematrix.code.tex
File: pgfmodulematrix.code.tex 2023-01-15 v3.1.10 (3.1.10)
\pgfmatrixcurrentrow=\count281
\pgfmatrixcurrentcolumn=\count282
\pgf@matrix@numberofcolumns=\count283
)
\tikz@expandcount=\count284

(/nix/store/pc9xmkf4fsn9p5asy7rg060s2y79x6m5-texlive-combined-2022-texmfdist/tex/generic/pgf/frontendlayer/tikz/libraries/tikzlibrarytopaths.code.tex
File: tikzlibrarytopaths.code.tex 2023-01-15 v3.1.10 (3.1.10)
))) (/nix/store/pc9xmkf4fsn9p5asy7rg060s2y79x6m5-texlive-combined-2022-texmfdist/tex/generic/pgf/frontendlayer/tikz/libraries/tikzlibraryautomata.code.tex
File: tikzlibraryautomata.code.tex 2023-01-15 v3.1.10 (3.1.10)
 (/nix/store/pc9xmkf4fsn9p5asy7rg060s2y79x6m5-texlive-combined-2022-texmfdist/tex/generic/pgf/frontendlayer/tikz/libraries/tikzlibraryshapes.multipart.code.tex
File: tikzlibraryshapes.multipart.code.tex 2023-01-15 v3.1.10 (3.1.10)
 (/nix/store/pc9xmkf4fsn9p5asy7rg060s2y79x6m5-texlive-combined-2022-texmfdist/tex/generic/pgf/libraries/shapes/pgflibraryshapes.multipart.code.tex
File: pgflibraryshapes.multipart.code.tex 2023-01-15 v3.1.10 (3.1.10)
\pgfnodepartlowerbox=\box62
\pgfnodeparttwobox=\box63
\pgfnodepartthreebox=\box64
\pgfnodepartfourbox=\box65
\pgfnodeparttwentybox=\box66
\pgfnodepartnineteenbox=\box67
\pgfnodeparteighteenbox=\box68
\pgfnodepartseventeenbox=\box69
\pgfnodepartsixteenbox=\box70
\pgfnodepartfifteenbox=\box71
\pgfnodepartfourteenbox=\box72
\pgfnodepartthirteenbox=\box73
\pgfnodeparttwelvebox=\box74
\pgfnodepartelevenbox=\box75
\pgfnodeparttenbox=\box76
\pgfnodepartninebox=\box77
\pgfnodeparteightbox=\box78
\pgfnodepartsevenbox=\box79
\pgfnodepartsixbox=\box80
\pgfnodepartfivebox=\box81
))) (/nix/store/pc9xmkf4fsn9p5asy7rg060s2y79x6m5-texlive-combined-2022-texmfdist/tex/generic/pgf/frontendlayer/tikz/libraries/tikzlibrarypositioning.code.tex
File: tikzlibrarypositioning.code.tex 2023-01-15 v3.1.10 (3.1.10)
) (/nix/store/pc9xmkf4fsn9p5asy7rg060s2y79x6m5-texlive-combined-2022-texmfdist/tex/latex/amsmath/amsmath.sty
Package: amsmath 2022/04/08 v2.17n AMS math features
\@mathmargin=\skip50

For additional information on amsmath, use the `?' option.
(/nix/store/pc9xmkf4fsn9p5asy7rg060s2y79x6m5-texlive-combined-2022-texmfdist/tex/latex/amsmath/amstext.sty
Package: amstext 2021/08/26 v2.01 AMS text
 (/nix/store/pc9xmkf4fsn9p5asy7rg060s2y79x6m5-texlive-combined-2022-texmfdist/tex/latex/amsmath/amsgen.sty
File: amsgen.sty 1999/11/30 v2.0 generic functions
\@emptytoks=\toks32
\ex@=\dimen258
)) (/nix/store/pc9xmkf4fsn9p5asy7rg060s2y79x6m5-texlive-combined-2022-texmfdist/tex/latex/amsmath/amsbsy.sty
Package: amsbsy 1999/11/29 v1.2d Bold Symbols
\pmbraise@=\dimen259
) (/nix/store/pc9xmkf4fsn9p5asy7rg060s2y79x6m5-texlive-combined-2022-texmfdist/tex/latex/amsmath/amsopn.sty
Package: amsopn 2022/04/08 v2.04 operator names
)
\inf@bad=\count285
LaTeX Info: Redefining \frac on input line 234.
\uproot@=\count286
\leftroot@=\count287
LaTeX Info: Redefining \overline on input line 399.
LaTeX Info: Redefining \colon on input line 410.
\classnum@=\count288
\DOTSCASE@=\count289
LaTeX Info: Redefining \ldots on input line 496.
LaTeX Info: Redefining \dots on input line 499.
LaTeX Info: Redefining \cdots on input line 620.
\Mathstrutbox@=\box82
\strutbox@=\box83
LaTeX Info: Redefining \big on input line 722.
LaTeX Info: Redefining \Big on input line 723.
LaTeX Info: Redefining \bigg on input line 724.
LaTeX Info: Redefining \Bigg on input line 725.
\big@size=\dimen260
LaTeX Font Info:    Redeclaring font encoding OML on input line 743.
LaTeX Font Info:    Redeclaring font encoding OMS on input line 744.
\macc@depth=\count290
LaTeX Info: Redefining \bmod on input line 905.
LaTeX Info: Redefining \pmod on input line 910.
LaTeX Info: Redefining \smash on input line 940.
LaTeX Info: Redefining \relbar on input line 970.
LaTeX Info: Redefining \Relbar on input line 971.
\c@MaxMatrixCols=\count291
\dotsspace@=\muskip16
\c@parentequation=\count292
\dspbrk@lvl=\count293
\tag@help=\toks33
\row@=\count294
\column@=\count295
\maxfields@=\count296
\andhelp@=\toks34
\eqnshift@=\dimen261
\alignsep@=\dimen262
\tagshift@=\dimen263
\tagwidth@=\dimen264
\totwidth@=\dimen265
\lineht@=\dimen266
\@envbody=\toks35
\multlinegap=\skip51
\multlinetaggap=\skip52
\mathdisplay@stack=\toks36
LaTeX Info: Redefining \[ on input line 2953.
LaTeX Info: Redefining \] on input line 2954.
) (/nix/store/pc9xmkf4fsn9p5asy7rg060s2y79x6m5-texlive-combined-2022-texmfdist/tex/latex/l3backend/l3backend-pdftex.def
File: l3backend-pdftex.def 2023-01-16 L3 backend support: PDF output (pdfTeX)
\l__color_backend_stack_int=\count297
\l__pdf_internal_box=\box84
) (./l1.aux)
\openout1 = `l1.aux'.

LaTeX Font Info:    Checking defaults for OML/cmm/m/it on input line 13.
LaTeX Font Info:    ... okay on input line 13.
LaTeX Font Info:    Checking defaults for OMS/cmsy/m/n on input line 13.
LaTeX Font Info:    ... okay on input line 13.
LaTeX Font Info:    Checking defaults for OT1/cmr/m/n on input line 13.
LaTeX Font Info:    ... okay on input line 13.
LaTeX Font Info:    Checking defaults for T1/cmr/m/n on input line 13.
LaTeX Font Info:    ... okay on input line 13.
LaTeX Font Info:    Checking defaults for TS1/cmr/m/n on input line 13.
LaTeX Font Info:    ... okay on input line 13.
LaTeX Font Info:    Checking defaults for OMX/cmex/m/n on input line 13.
LaTeX Font Info:    ... okay on input line 13.
LaTeX Font Info:    Checking defaults for U/cmr/m/n on input line 13.
LaTeX Font Info:    ... okay on input line 13.

*geometry* driver: auto-detecting
*geometry* detected driver: pdftex
*geometry* verbose mode - [ preamble ] result:
* driver: pdftex
* paper: legalpaper
* layout: <same size as paper>
* layoutoffset:(h,v)=(0.0pt,0.0pt)
* modes: 
* h-part:(L,W,R)=(72.26999pt, 469.75502pt, 72.26999pt)
* v-part:(T,H,B)=(72.26999pt, 867.24002pt, 72.26999pt)
* \paperwidth=614.295pt
* \paperheight=1011.78pt
* \textwidth=469.75502pt
* \textheight=867.24002pt
* \oddsidemargin=0.0pt
* \evensidemargin=0.0pt
* \topmargin=-37.0pt
* \headheight=12.0pt
* \headsep=25.0pt
* \topskip=10.0pt
* \footskip=30.0pt
* \marginparwidth=65.0pt
* \marginparsep=11.0pt
* \columnsep=10.0pt
* \skip\footins=9.0pt plus 4.0pt minus 2.0pt
* \hoffset=0.0pt
* \voffset=0.0pt
* \mag=1000
* \@twocolumnfalse
* \@twosidefalse
* \@mparswitchfalse
* \@reversemarginfalse
* (1in=72.27pt=25.4mm, 1cm=28.453pt)

(/nix/store/pc9xmkf4fsn9p5asy7rg060s2y79x6m5-texlive-combined-2022-texmfdist/tex/context/base/mkii/supp-pdf.mkii
[Loading MPS to PDF converter (version 2006.09.02).]
\scratchcounter=\count298
\scratchdimen=\dimen267
\scratchbox=\box85
\nofMPsegments=\count299
\nofMParguments=\count300
\everyMPshowfont=\toks37
\MPscratchCnt=\count301
\MPscratchDim=\dimen268
\MPnumerator=\count302
\makeMPintoPDFobject=\count303
\everyMPtoPDFconversion=\toks38
) (/nix/store/pc9xmkf4fsn9p5asy7rg060s2y79x6m5-texlive-combined-2022-texmfdist/tex/latex/epstopdf-pkg/epstopdf-base.sty
Package: epstopdf-base 2020-01-24 v2.11 Base part for package epstopdf
 (/nix/store/pc9xmkf4fsn9p5asy7rg060s2y79x6m5-texlive-combined-2022-texmfdist/tex/generic/infwarerr/infwarerr.sty
Package: infwarerr 2019/12/03 v1.5 Providing info/warning/error messages (HO)
) (/nix/store/pc9xmkf4fsn9p5asy7rg060s2y79x6m5-texlive-combined-2022-texmfdist/tex/latex/grfext/grfext.sty
Package: grfext 2019/12/03 v1.3 Manage graphics extensions (HO)
 (/nix/store/pc9xmkf4fsn9p5asy7rg060s2y79x6m5-texlive-combined-2022-texmfdist/tex/generic/kvdefinekeys/kvdefinekeys.sty
Package: kvdefinekeys 2019-12-19 v1.6 Define keys (HO)
)) (/nix/store/pc9xmkf4fsn9p5asy7rg060s2y79x6m5-texlive-combined-2022-texmfdist/tex/latex/kvoptions/kvoptions.sty
Package: kvoptions 2022-06-15 v3.15 Key value format for package options (HO)
 (/nix/store/pc9xmkf4fsn9p5asy7rg060s2y79x6m5-texlive-combined-2022-texmfdist/tex/generic/ltxcmds/ltxcmds.sty
Package: ltxcmds 2020-05-10 v1.25 LaTeX kernel commands for general use (HO)
) (/nix/store/pc9xmkf4fsn9p5asy7rg060s2y79x6m5-texlive-combined-2022-texmfdist/tex/latex/kvsetkeys/kvsetkeys.sty
Package: kvsetkeys 2022-10-05 v1.19 Key value parser (HO)
)) (/nix/store/pc9xmkf4fsn9p5asy7rg060s2y79x6m5-texlive-combined-2022-texmfdist/tex/generic/pdftexcmds/pdftexcmds.sty
Package: pdftexcmds 2020-06-27 v0.33 Utility functions of pdfTeX for LuaTeX (HO)
Package pdftexcmds Info: \pdf@primitive is available.
Package pdftexcmds Info: \pdf@ifprimitive is available.
Package pdftexcmds Info: \pdfdraftmode found.
)
Package epstopdf-base Info: Redefining graphics rule for `.eps' on input line 485.
Package grfext Info: Graphics extension search list:
(grfext)             [.pdf,.png,.jpg,.mps,.jpeg,.jbig2,.jb2,.PDF,.PNG,.JPG,.JPEG,.JBIG2,.JB2,.eps]
(grfext)             \AppendGraphicsExtensions on input line 504.
 (/nix/store/pc9xmkf4fsn9p5asy7rg060s2y79x6m5-texlive-combined-2022-texmfdist/tex/latex/latexconfig/epstopdf-sys.cfg
File: epstopdf-sys.cfg 2010/07/13 v1.3 Configuration of (r)epstopdf for TeX Live
))
Underfull \hbox (badness 10000) in paragraph at lines 70--71

 []

[1

{/nix/store/yh3qixj3rhqrxlnh4awwy3sznv7w7qx9-texlive-combined-2022/share/texmf-var/fonts/map/pdftex/updmap/pdftex.map}] (./l1.aux) ) 
Here is how much of TeX's memory you used:
 15608 strings out of 476024
 332472 string characters out of 5769556
 1864388 words of memory out of 5000000
 35794 multiletter control sequences out of 15000+600000
 517698 words of font info for 41 fonts, out of 8000000 for 9000
 1141 hyphenation exceptions out of 8191
 102i,8n,104p,487b,751s stack positions out of 10000i,1000n,20000p,200000b,200000s
{/nix/store/pc9xmkf4fsn9p5asy7rg060s2y79x6m5-texlive-combined-2022-texmfdist/fonts/enc/dvips/cm-super/cm-super-t1.enc}{/nix/store/pc9xmkf4fsn9p5asy7rg060s2y79x6m5-texlive-combined-2022-texmfdist/fonts/enc/dvips/cm-super/cm-super-ts1.enc}</nix/store/pc9xmkf4fsn9p5asy7rg060s2y79x6m5-texlive-combined-2022-texmfdist/fonts/type1/public/amsfonts/cm/cmmi10.pfb></nix/store/pc9xmkf4fsn9p5asy7rg060s2y79x6m5-texlive-combined-2022-texmfdist/fonts/type1/public/amsfonts/cm/cmmi7.pfb></nix/store/pc9xmkf4fsn9p5asy7rg060s2y79x6m5-texlive-combined-2022-texmfdist/fonts/type1/public/amsfonts/cm/cmr10.pfb></nix/store/pc9xmkf4fsn9p5asy7rg060s2y79x6m5-texlive-combined-2022-texmfdist/fonts/type1/public/amsfonts/cm/cmr7.pfb></nix/store/pc9xmkf4fsn9p5asy7rg060s2y79x6m5-texlive-combined-2022-texmfdist/fonts/type1/public/amsfonts/cm/cmsy10.pfb></nix/store/pc9xmkf4fsn9p5asy7rg060s2y79x6m5-texlive-combined-2022-texmfdist/fonts/type1/public/amsfonts/cm/cmsy7.pfb></nix/store/pc9xmkf4fsn9p5asy7rg060s2y79x6m5-texlive-combined-2022-texmfdist/fonts/type1/public/cm-super/sfbx1000.pfb></nix/store/pc9xmkf4fsn9p5asy7rg060s2y79x6m5-texlive-combined-2022-texmfdist/fonts/type1/public/cm-super/sfbx1200.pfb></nix/store/pc9xmkf4fsn9p5asy7rg060s2y79x6m5-texlive-combined-2022-texmfdist/fonts/type1/public/cm-super/sfbx1440.pfb></nix/store/pc9xmkf4fsn9p5asy7rg060s2y79x6m5-texlive-combined-2022-texmfdist/fonts/type1/public/cm-super/sfrm1000.pfb>
Output written on l1.pdf (1 page, 132940 bytes).
PDF statistics:
 66 PDF objects out of 1000 (max. 8388607)
 41 compressed objects within 1 object stream
 0 named destinations out of 1000 (max. 500000)
 13 words of extra memory for PDF output out of 10000 (max. 10000000)

