This is pdfTeX, Version 3.141592653-2.6-1.40.24 (TeX Live 2022/nixos.org) (preloaded format=pdflatex 1980.1.1)  29 MAR 2023 13:31
entering extended mode
 restricted \write18 enabled.
 file:line:error style messages enabled.
 %&-line parsing enabled.
**l6.tex
(./l6.tex
LaTeX2e <2022-11-01> patch level 1
L3 programming layer <2023-02-22> (/nix/store/c5rdayr3rippgdlzj765bhq3yfm066hw-texlive-combined-full-2022.20221227-texmf/tex/latex/base/article.cls
Document Class: article 2022/07/02 v1.4n Standard LaTeX document class
(/nix/store/c5rdayr3rippgdlzj765bhq3yfm066hw-texlive-combined-full-2022.20221227-texmf/tex/latex/base/size10.clo
File: size10.clo 2022/07/02 v1.4n Standard LaTeX file (size option)
)
\c@part=\count185
\c@section=\count186
\c@subsection=\count187
\c@subsubsection=\count188
\c@paragraph=\count189
\c@subparagraph=\count190
\c@figure=\count191
\c@table=\count192
\abovecaptionskip=\skip48
\belowcaptionskip=\skip49
\bibindent=\dimen140
) (./../../modele.sty

LaTeX Warning: You have requested package `./../../modele',
               but the package provides `modele'.

Package: modele 
(/nix/store/c5rdayr3rippgdlzj765bhq3yfm066hw-texlive-combined-full-2022.20221227-texmf/tex/latex/amsmath/amsmath.sty
Package: amsmath 2022/04/08 v2.17n AMS math features
\@mathmargin=\skip50

For additional information on amsmath, use the `?' option.
(/nix/store/c5rdayr3rippgdlzj765bhq3yfm066hw-texlive-combined-full-2022.20221227-texmf/tex/latex/amsmath/amstext.sty
Package: amstext 2021/08/26 v2.01 AMS text
 (/nix/store/c5rdayr3rippgdlzj765bhq3yfm066hw-texlive-combined-full-2022.20221227-texmf/tex/latex/amsmath/amsgen.sty
File: amsgen.sty 1999/11/30 v2.0 generic functions
\@emptytoks=\toks16
\ex@=\dimen141
)) (/nix/store/c5rdayr3rippgdlzj765bhq3yfm066hw-texlive-combined-full-2022.20221227-texmf/tex/latex/amsmath/amsbsy.sty
Package: amsbsy 1999/11/29 v1.2d Bold Symbols
\pmbraise@=\dimen142
) (/nix/store/c5rdayr3rippgdlzj765bhq3yfm066hw-texlive-combined-full-2022.20221227-texmf/tex/latex/amsmath/amsopn.sty
Package: amsopn 2022/04/08 v2.04 operator names
)
\inf@bad=\count193
LaTeX Info: Redefining \frac on input line 234.
\uproot@=\count194
\leftroot@=\count195
LaTeX Info: Redefining \overline on input line 399.
LaTeX Info: Redefining \colon on input line 410.
\classnum@=\count196
\DOTSCASE@=\count197
LaTeX Info: Redefining \ldots on input line 496.
LaTeX Info: Redefining \dots on input line 499.
LaTeX Info: Redefining \cdots on input line 620.
\Mathstrutbox@=\box51
\strutbox@=\box52
LaTeX Info: Redefining \big on input line 722.
LaTeX Info: Redefining \Big on input line 723.
LaTeX Info: Redefining \bigg on input line 724.
LaTeX Info: Redefining \Bigg on input line 725.
\big@size=\dimen143
LaTeX Font Info:    Redeclaring font encoding OML on input line 743.
LaTeX Font Info:    Redeclaring font encoding OMS on input line 744.
\macc@depth=\count198
LaTeX Info: Redefining \bmod on input line 905.
LaTeX Info: Redefining \pmod on input line 910.
LaTeX Info: Redefining \smash on input line 940.
LaTeX Info: Redefining \relbar on input line 970.
LaTeX Info: Redefining \Relbar on input line 971.
\c@MaxMatrixCols=\count199
\dotsspace@=\muskip16
\c@parentequation=\count266
\dspbrk@lvl=\count267
\tag@help=\toks17
\row@=\count268
\column@=\count269
\maxfields@=\count270
\andhelp@=\toks18
\eqnshift@=\dimen144
\alignsep@=\dimen145
\tagshift@=\dimen146
\tagwidth@=\dimen147
\totwidth@=\dimen148
\lineht@=\dimen149
\@envbody=\toks19
\multlinegap=\skip51
\multlinetaggap=\skip52
\mathdisplay@stack=\toks20
LaTeX Info: Redefining \[ on input line 2953.
LaTeX Info: Redefining \] on input line 2954.
) (/nix/store/c5rdayr3rippgdlzj765bhq3yfm066hw-texlive-combined-full-2022.20221227-texmf/tex/latex/base/fontenc.sty
Package: fontenc 2021/04/29 v2.0v Standard LaTeX package
) (/nix/store/c5rdayr3rippgdlzj765bhq3yfm066hw-texlive-combined-full-2022.20221227-texmf/tex/latex/base/inputenc.sty
Package: inputenc 2021/02/14 v1.3d Input encoding file
\inpenc@prehook=\toks21
\inpenc@posthook=\toks22
) (/nix/store/c5rdayr3rippgdlzj765bhq3yfm066hw-texlive-combined-full-2022.20221227-texmf/tex/generic/babel/babel.sty
Package: babel 2023/02/13 3.86 The Babel package
\babel@savecnt=\count271
\U@D=\dimen150
\l@unhyphenated=\language87
 (/nix/store/c5rdayr3rippgdlzj765bhq3yfm066hw-texlive-combined-full-2022.20221227-texmf/tex/generic/babel/txtbabel.def)
\bbl@readstream=\read2
\bbl@dirlevel=\count272
 (/nix/store/c5rdayr3rippgdlzj765bhq3yfm066hw-texlive-combined-full-2022.20221227-texmf/tex/generic/babel-english/english.ldf
Language: english 2017/06/06 v3.3r English support from the babel system
Package babel Info: Hyphen rules for 'canadian' set to \l@english
(babel)             (\language0). Reported on input line 102.
Package babel Info: Hyphen rules for 'australian' set to \l@ukenglish
(babel)             (\language21). Reported on input line 105.
Package babel Info: Hyphen rules for 'newzealand' set to \l@ukenglish
(babel)             (\language21). Reported on input line 108.
) (/nix/store/c5rdayr3rippgdlzj765bhq3yfm066hw-texlive-combined-full-2022.20221227-texmf/tex/generic/babel-polish/polish.ldf
Language: polish 2022/03/12 1.3 Babel support for Polish
Package babel Info: Making " an active character on input line 101.
)) (/nix/store/c5rdayr3rippgdlzj765bhq3yfm066hw-texlive-combined-full-2022.20221227-texmf/tex/generic/babel/locale/pl/babel-polish.tex
Package babel Info: Importing font and identification data for polish
(babel)             from babel-pl.ini. Reported on input line 11.
) (/nix/store/c5rdayr3rippgdlzj765bhq3yfm066hw-texlive-combined-full-2022.20221227-texmf/tex/generic/babel/locale/en/babel-english.tex
Package babel Info: Importing font and identification data for english
(babel)             from babel-en.ini. Reported on input line 11.
) (/nix/store/c5rdayr3rippgdlzj765bhq3yfm066hw-texlive-combined-full-2022.20221227-texmf/tex/latex/paratype/paratype.sty
Package: paratype 2012/01/24 Style file for package paratype.
 (/nix/store/c5rdayr3rippgdlzj765bhq3yfm066hw-texlive-combined-full-2022.20221227-texmf/tex/latex/paratype/PTSans.sty
Package: PTSans 2011/02/09 Style file for PTSans.
 (/nix/store/c5rdayr3rippgdlzj765bhq3yfm066hw-texlive-combined-full-2022.20221227-texmf/tex/latex/graphics/keyval.sty
Package: keyval 2022/05/29 v1.15 key=value parser (DPC)
\KV@toks@=\toks23
)) (/nix/store/c5rdayr3rippgdlzj765bhq3yfm066hw-texlive-combined-full-2022.20221227-texmf/tex/latex/paratype/PTSerif.sty
Package: PTSerif 2011/02/10 Style file for PTSerif.
)
(/nix/store/c5rdayr3rippgdlzj765bhq3yfm066hw-texlive-combined-full-2022.20221227-texmf/tex/latex/paratype/PTMono.sty
Package: PTMono 2012/01/24 Style file for PTMono.
)) (/nix/store/c5rdayr3rippgdlzj765bhq3yfm066hw-texlive-combined-full-2022.20221227-texmf/tex/latex/xcolor/xcolor.sty
Package: xcolor 2022/06/12 v2.14 LaTeX color extensions (UK)
 (/nix/store/c5rdayr3rippgdlzj765bhq3yfm066hw-texlive-combined-full-2022.20221227-texmf/tex/latex/graphics-cfg/color.cfg
File: color.cfg 2016/01/02 v1.6 sample color configuration
)
Package xcolor Info: Driver file: pdftex.def on input line 227.
 (/nix/store/c5rdayr3rippgdlzj765bhq3yfm066hw-texlive-combined-full-2022.20221227-texmf/tex/latex/graphics-def/pdftex.def
File: pdftex.def 2022/09/22 v1.2b Graphics/color driver for pdftex
) (/nix/store/c5rdayr3rippgdlzj765bhq3yfm066hw-texlive-combined-full-2022.20221227-texmf/tex/latex/graphics/mathcolor.ltx)
Package xcolor Info: Model `cmy' substituted by `cmy0' on input line 1353.
Package xcolor Info: Model `hsb' substituted by `rgb' on input line 1357.
Package xcolor Info: Model `RGB' extended on input line 1369.
Package xcolor Info: Model `HTML' substituted by `rgb' on input line 1371.
Package xcolor Info: Model `Hsb' substituted by `hsb' on input line 1372.
Package xcolor Info: Model `tHsb' substituted by `hsb' on input line 1373.
Package xcolor Info: Model `HSB' substituted by `hsb' on input line 1374.
Package xcolor Info: Model `Gray' substituted by `gray' on input line 1375.
Package xcolor Info: Model `wave' substituted by `hsb' on input line 1376.
) (/nix/store/c5rdayr3rippgdlzj765bhq3yfm066hw-texlive-combined-full-2022.20221227-texmf/tex/latex/sectsty/sectsty.sty
Package: sectsty 2002/02/25 v2.0.2 Commands to change all sectional heading styles


LaTeX Warning: Command \underbar  has changed.
               Check if current package is valid.


LaTeX Warning: Command \underline  has changed.
               Check if current package is valid.

) (/nix/store/c5rdayr3rippgdlzj765bhq3yfm066hw-texlive-combined-full-2022.20221227-texmf/tex/latex/marvosym/marvosym.sty
Package: marvosym 2011/07/20 v2.2 Martin Vogel's Symbols font definitions
) (/nix/store/c5rdayr3rippgdlzj765bhq3yfm066hw-texlive-combined-full-2022.20221227-texmf/tex/latex/phaistos/phaistos.sty
File: phaistos.sty 2004/04/23 v1.0 Package `phaistos.sty'
Now handling font encoding LPH ...
... no UTF-8 mapping file for font encoding LPH
)) (/nix/store/c5rdayr3rippgdlzj765bhq3yfm066hw-texlive-combined-full-2022.20221227-texmf/tex/latex/yfonts/yfonts.sty
Package: yfonts 2019/04/04 v1.4 (WaS&NP)
Now handling font encoding LY ...
... no UTF-8 mapping file for font encoding LY
Now handling font encoding LYG ...
... no UTF-8 mapping file for font encoding LYG
LaTeX Info: Composite with undeclared \" in encoding LYG on input line 58.
)
LaTeX Font Info:    Trying to load font information for T1+PTSans-TLF on input line 14.
 (/nix/store/c5rdayr3rippgdlzj765bhq3yfm066hw-texlive-combined-full-2022.20221227-texmf/tex/latex/paratype/T1PTSans-TLF.fd
File: T1PTSans-TLF.fd 2011/05/04 (autoinst with patch) Font definitions for T1/PTSans-TLF.
) (/nix/store/c5rdayr3rippgdlzj765bhq3yfm066hw-texlive-combined-full-2022.20221227-texmf/tex/latex/l3backend/l3backend-pdftex.def
File: l3backend-pdftex.def 2023-01-16 L3 backend support: PDF output (pdfTeX)
\l__color_backend_stack_int=\count273
\l__pdf_internal_box=\box53
) (./l6.aux)
\openout1 = `l6.aux'.

LaTeX Font Info:    Checking defaults for OML/cmm/m/it on input line 14.
LaTeX Font Info:    ... okay on input line 14.
LaTeX Font Info:    Checking defaults for OMS/cmsy/m/n on input line 14.
LaTeX Font Info:    ... okay on input line 14.
LaTeX Font Info:    Checking defaults for OT1/cmr/m/n on input line 14.
LaTeX Font Info:    ... okay on input line 14.
LaTeX Font Info:    Checking defaults for T1/cmr/m/n on input line 14.
LaTeX Font Info:    ... okay on input line 14.
LaTeX Font Info:    Checking defaults for TS1/cmr/m/n on input line 14.
LaTeX Font Info:    ... okay on input line 14.
LaTeX Font Info:    Checking defaults for OMX/cmex/m/n on input line 14.
LaTeX Font Info:    ... okay on input line 14.
LaTeX Font Info:    Checking defaults for U/cmr/m/n on input line 14.
LaTeX Font Info:    ... okay on input line 14.
LaTeX Font Info:    Checking defaults for LPH/cmr/m/n on input line 14.
LaTeX Font Info:    ... okay on input line 14.
LaTeX Font Info:    Checking defaults for LY/yfrak/m/n on input line 14.
LaTeX Font Info:    ... okay on input line 14.
LaTeX Font Info:    Checking defaults for LYG/ygoth/m/n on input line 14.
LaTeX Font Info:    ... okay on input line 14.
 (/nix/store/c5rdayr3rippgdlzj765bhq3yfm066hw-texlive-combined-full-2022.20221227-texmf/tex/context/base/mkii/supp-pdf.mkii
[Loading MPS to PDF converter (version 2006.09.02).]
\scratchcounter=\count274
\scratchdimen=\dimen151
\scratchbox=\box54
\nofMPsegments=\count275
\nofMParguments=\count276
\everyMPshowfont=\toks24
\MPscratchCnt=\count277
\MPscratchDim=\dimen152
\MPnumerator=\count278
\makeMPintoPDFobject=\count279
\everyMPtoPDFconversion=\toks25
)
LaTeX Font Info:    Trying to load font information for T1+PTMono-TLF on input line 16.
 (/nix/store/c5rdayr3rippgdlzj765bhq3yfm066hw-texlive-combined-full-2022.20221227-texmf/tex/latex/paratype/T1PTMono-TLF.fd
File: T1PTMono-TLF.fd 2014/02/02 Font definitions for T1/PTMono-TLF.
) [1

{/nix/store/zi899rnhfwhmpsv3b1zvw7qvk9kckya5-texlive-combined-full-2022.20221227/share/texmf-var/fonts/map/pdftex/updmap/pdftex.map}] [2] (./l6.aux)

LaTeX Font Warning: Size substitutions with differences
(Font)              up to 5.0pt have occurred.

 ) 
Here is how much of TeX's memory you used:
 4463 strings out of 476024
 72200 string characters out of 5764566
 1860388 words of memory out of 5000000
 24857 multiletter control sequences out of 15000+600000
 591762 words of font info for 66 fonts, out of 8000000 for 9000
 1141 hyphenation exceptions out of 8191
 72i,8n,76p,291b,355s stack positions out of 10000i,1000n,20000p,200000b,200000s
{/nix/store/c5rdayr3rippgdlzj765bhq3yfm066hw-texlive-combined-full-2022.20221227-texmf/fonts/enc/dvips/paratype/ptsans_t1.enc}{/nix/store/c5rdayr3rippgdlzj765bhq3yfm066hw-texlive-combined-full-2022.20221227-texmf/fonts/enc/dvips/paratype/ptmono_t1.enc}</nix/store/c5rdayr3rippgdlzj765bhq3yfm066hw-texlive-combined-full-2022.20221227-texmf/fonts/type1/paratype/ptmono/PTM75F.pfb></nix/store/c5rdayr3rippgdlzj765bhq3yfm066hw-texlive-combined-full-2022.20221227-texmf/fonts/type1/paratype/ptsans/PTS55F.pfb></nix/store/c5rdayr3rippgdlzj765bhq3yfm066hw-texlive-combined-full-2022.20221227-texmf/fonts/type1/paratype/ptsans/PTS75F.pfb></nix/store/c5rdayr3rippgdlzj765bhq3yfm066hw-texlive-combined-full-2022.20221227-texmf/fonts/type1/public/amsfonts/cm/cmmi10.pfb></nix/store/c5rdayr3rippgdlzj765bhq3yfm066hw-texlive-combined-full-2022.20221227-texmf/fonts/type1/public/amsfonts/cm/cmmi7.pfb></nix/store/c5rdayr3rippgdlzj765bhq3yfm066hw-texlive-combined-full-2022.20221227-texmf/fonts/type1/public/amsfonts/cm/cmr10.pfb></nix/store/c5rdayr3rippgdlzj765bhq3yfm066hw-texlive-combined-full-2022.20221227-texmf/fonts/type1/public/amsfonts/cm/cmr7.pfb></nix/store/c5rdayr3rippgdlzj765bhq3yfm066hw-texlive-combined-full-2022.20221227-texmf/fonts/type1/public/amsfonts/cm/cmsy10.pfb></nix/store/c5rdayr3rippgdlzj765bhq3yfm066hw-texlive-combined-full-2022.20221227-texmf/fonts/type1/public/amsfonts/cm/cmsy7.pfb></nix/store/c5rdayr3rippgdlzj765bhq3yfm066hw-texlive-combined-full-2022.20221227-texmf/fonts/type1/public/yfonts-t1/yfrak.pfb>
Output written on l6.pdf (2 pages, 90939 bytes).
PDF statistics:
 63 PDF objects out of 1000 (max. 8388607)
 38 compressed objects within 1 object stream
 0 named destinations out of 1000 (max. 500000)
 1 words of extra memory for PDF output out of 10000 (max. 10000000)

