This is pdfTeX, Version 3.141592653-2.6-1.40.24 (TeX Live 2022/nixos.org) (preloaded format=pdflatex 1980.1.1)  22 FEB 2023 19:56
entering extended mode
 restricted \write18 enabled.
 file:line:error style messages enabled.
 %&-line parsing enabled.
**/home/sileanth/studia/tpjp/listy/lista_1/l1.tex
(/home/sileanth/studia/tpjp/listy/lista_1/l1.tex
LaTeX2e <2022-11-01> patch level 1
L3 programming layer <2022-12-17> (/nix/store/v00q1nzjd2wfwar8yf2vl5aic7gq6qzi-texlive-combined-full-2022.20221227/share/texmf/tex/latex/base/article.cls
Document Class: article 2022/07/02 v1.4n Standard LaTeX document class
(/nix/store/v00q1nzjd2wfwar8yf2vl5aic7gq6qzi-texlive-combined-full-2022.20221227/share/texmf/tex/latex/base/size10.clo
File: size10.clo 2022/07/02 v1.4n Standard LaTeX file (size option)
)
\c@part=\count185
\c@section=\count186
\c@subsection=\count187
\c@subsubsection=\count188
\c@paragraph=\count189
\c@subparagraph=\count190
\c@figure=\count191
\c@table=\count192
\abovecaptionskip=\skip48
\belowcaptionskip=\skip49
\bibindent=\dimen140
) (./../../latex_template/tpjp.sty

LaTeX Warning: You have requested package `./../../latex_template/tpjp',
               but the package provides `tpjp'.

Package: tpjp 
(/nix/store/v00q1nzjd2wfwar8yf2vl5aic7gq6qzi-texlive-combined-full-2022.20221227/share/texmf/tex/latex/bussproofs/bussproofs.sty
Proof Tree (bussproofs) style macros. Version 1.1.
\theLevel=\count193
\myMaxLevel=\count194
\myBoxA=\box51
\myBoxB=\box52
\myBoxC=\box53
\myBoxD=\box54
\myBoxLL=\box55
\myBoxRL=\box56
\thisAboveSkip=\dimen141
\thisBelowSkip=\dimen142
\newScoreStart=\dimen143
\newScoreEnd=\dimen144
\newCenter=\dimen145
\displace=\dimen146
\leftLowerAmt=\dimen147
\rightLowerAmt=\dimen148
\scoreHeight=\dimen149
\scoreDepth=\dimen150
\htLbox=\dimen151
\htRbox=\dimen152
\htRRbox=\dimen153
\htRRRbox=\dimen154
\htAbox=\dimen155
\htCbox=\dimen156
) (/nix/store/v00q1nzjd2wfwar8yf2vl5aic7gq6qzi-texlive-combined-full-2022.20221227/share/texmf/tex/latex/amsmath/amsmath.sty
Package: amsmath 2022/04/08 v2.17n AMS math features
\@mathmargin=\skip50

For additional information on amsmath, use the `?' option.
(/nix/store/v00q1nzjd2wfwar8yf2vl5aic7gq6qzi-texlive-combined-full-2022.20221227/share/texmf/tex/latex/amsmath/amstext.sty
Package: amstext 2021/08/26 v2.01 AMS text
 (/nix/store/v00q1nzjd2wfwar8yf2vl5aic7gq6qzi-texlive-combined-full-2022.20221227/share/texmf/tex/latex/amsmath/amsgen.sty
File: amsgen.sty 1999/11/30 v2.0 generic functions
\@emptytoks=\toks16
\ex@=\dimen157
)) (/nix/store/v00q1nzjd2wfwar8yf2vl5aic7gq6qzi-texlive-combined-full-2022.20221227/share/texmf/tex/latex/amsmath/amsbsy.sty
Package: amsbsy 1999/11/29 v1.2d Bold Symbols
\pmbraise@=\dimen158
) (/nix/store/v00q1nzjd2wfwar8yf2vl5aic7gq6qzi-texlive-combined-full-2022.20221227/share/texmf/tex/latex/amsmath/amsopn.sty
Package: amsopn 2022/04/08 v2.04 operator names
)
\inf@bad=\count195
LaTeX Info: Redefining \frac on input line 234.
\uproot@=\count196
\leftroot@=\count197
LaTeX Info: Redefining \overline on input line 399.
LaTeX Info: Redefining \colon on input line 410.
\classnum@=\count198
\DOTSCASE@=\count199
LaTeX Info: Redefining \ldots on input line 496.
LaTeX Info: Redefining \dots on input line 499.
LaTeX Info: Redefining \cdots on input line 620.
\Mathstrutbox@=\box57
\strutbox@=\box58
LaTeX Info: Redefining \big on input line 722.
LaTeX Info: Redefining \Big on input line 723.
LaTeX Info: Redefining \bigg on input line 724.
LaTeX Info: Redefining \Bigg on input line 725.
\big@size=\dimen159
LaTeX Font Info:    Redeclaring font encoding OML on input line 743.
LaTeX Font Info:    Redeclaring font encoding OMS on input line 744.
\macc@depth=\count266
LaTeX Info: Redefining \bmod on input line 905.
LaTeX Info: Redefining \pmod on input line 910.
LaTeX Info: Redefining \smash on input line 940.
LaTeX Info: Redefining \relbar on input line 970.
LaTeX Info: Redefining \Relbar on input line 971.
\c@MaxMatrixCols=\count267
\dotsspace@=\muskip16
\c@parentequation=\count268
\dspbrk@lvl=\count269
\tag@help=\toks17
\row@=\count270
\column@=\count271
\maxfields@=\count272
\andhelp@=\toks18
\eqnshift@=\dimen160
\alignsep@=\dimen161
\tagshift@=\dimen162
\tagwidth@=\dimen163
\totwidth@=\dimen164
\lineht@=\dimen165
\@envbody=\toks19
\multlinegap=\skip51
\multlinetaggap=\skip52
\mathdisplay@stack=\toks20
LaTeX Info: Redefining \[ on input line 2953.
LaTeX Info: Redefining \] on input line 2954.
) (/nix/store/v00q1nzjd2wfwar8yf2vl5aic7gq6qzi-texlive-combined-full-2022.20221227/share/texmf/tex/latex/base/fontenc.sty
Package: fontenc 2021/04/29 v2.0v Standard LaTeX package
) (/nix/store/v00q1nzjd2wfwar8yf2vl5aic7gq6qzi-texlive-combined-full-2022.20221227/share/texmf/tex/latex/base/inputenc.sty
Package: inputenc 2021/02/14 v1.3d Input encoding file
\inpenc@prehook=\toks21
\inpenc@posthook=\toks22
) (/nix/store/v00q1nzjd2wfwar8yf2vl5aic7gq6qzi-texlive-combined-full-2022.20221227/share/texmf/tex/generic/babel/babel.sty
Package: babel 2022/12/26 3.84 The Babel package
\babel@savecnt=\count273
\U@D=\dimen166
\l@unhyphenated=\language87
 (/nix/store/v00q1nzjd2wfwar8yf2vl5aic7gq6qzi-texlive-combined-full-2022.20221227/share/texmf/tex/generic/babel/txtbabel.def)
\bbl@readstream=\read2
\bbl@dirlevel=\count274
 (/nix/store/v00q1nzjd2wfwar8yf2vl5aic7gq6qzi-texlive-combined-full-2022.20221227/share/texmf/tex/generic/babel-english/english.ldf
Language: english 2017/06/06 v3.3r English support from the babel system
Package babel Info: Hyphen rules for 'canadian' set to \l@english
(babel)             (\language0). Reported on input line 102.
Package babel Info: Hyphen rules for 'australian' set to \l@ukenglish
(babel)             (\language21). Reported on input line 105.
Package babel Info: Hyphen rules for 'newzealand' set to \l@ukenglish
(babel)             (\language21). Reported on input line 108.
) (/nix/store/v00q1nzjd2wfwar8yf2vl5aic7gq6qzi-texlive-combined-full-2022.20221227/share/texmf/tex/generic/babel-polish/polish.ldf
Language: polish 2022/03/12 1.3 Babel support for Polish
Package babel Info: Making " an active character on input line 101.
)) (/nix/store/v00q1nzjd2wfwar8yf2vl5aic7gq6qzi-texlive-combined-full-2022.20221227/share/texmf/tex/generic/babel/locale/pl/babel-polish.tex
Package babel Info: Importing font and identification data for polish
(babel)             from babel-pl.ini. Reported on input line 11.
) (/nix/store/v00q1nzjd2wfwar8yf2vl5aic7gq6qzi-texlive-combined-full-2022.20221227/share/texmf/tex/generic/babel/locale/en/babel-english.tex
Package babel Info: Importing font and identification data for english
(babel)             from babel-en.ini. Reported on input line 11.
) (/nix/store/v00q1nzjd2wfwar8yf2vl5aic7gq6qzi-texlive-combined-full-2022.20221227/share/texmf/tex/latex/xcolor/xcolor.sty
Package: xcolor 2022/06/12 v2.14 LaTeX color extensions (UK)
 (/nix/store/v00q1nzjd2wfwar8yf2vl5aic7gq6qzi-texlive-combined-full-2022.20221227/share/texmf/tex/latex/graphics-cfg/color.cfg
File: color.cfg 2016/01/02 v1.6 sample color configuration
)
Package xcolor Info: Driver file: pdftex.def on input line 227.
 (/nix/store/v00q1nzjd2wfwar8yf2vl5aic7gq6qzi-texlive-combined-full-2022.20221227/share/texmf/tex/latex/graphics-def/pdftex.def
File: pdftex.def 2022/09/22 v1.2b Graphics/color driver for pdftex
) (/nix/store/v00q1nzjd2wfwar8yf2vl5aic7gq6qzi-texlive-combined-full-2022.20221227/share/texmf/tex/latex/graphics/mathcolor.ltx)
Package xcolor Info: Model `cmy' substituted by `cmy0' on input line 1353.
Package xcolor Info: Model `hsb' substituted by `rgb' on input line 1357.
Package xcolor Info: Model `RGB' extended on input line 1369.
Package xcolor Info: Model `HTML' substituted by `rgb' on input line 1371.
Package xcolor Info: Model `Hsb' substituted by `hsb' on input line 1372.
Package xcolor Info: Model `tHsb' substituted by `hsb' on input line 1373.
Package xcolor Info: Model `HSB' substituted by `hsb' on input line 1374.
Package xcolor Info: Model `Gray' substituted by `gray' on input line 1375.
Package xcolor Info: Model `wave' substituted by `hsb' on input line 1376.
) (/nix/store/v00q1nzjd2wfwar8yf2vl5aic7gq6qzi-texlive-combined-full-2022.20221227/share/texmf/tex/latex/sectsty/sectsty.sty
Package: sectsty 2002/02/25 v2.0.2 Commands to change all sectional heading styles


LaTeX Warning: Command \underbar  has changed.
               Check if current package is valid.


LaTeX Warning: Command \underline  has changed.
               Check if current package is valid.

) (/nix/store/v00q1nzjd2wfwar8yf2vl5aic7gq6qzi-texlive-combined-full-2022.20221227/share/texmf/tex/latex/marvosym/marvosym.sty
Package: marvosym 2011/07/20 v2.2 Martin Vogel's Symbols font definitions
) (/nix/store/v00q1nzjd2wfwar8yf2vl5aic7gq6qzi-texlive-combined-full-2022.20221227/share/texmf/tex/latex/phaistos/phaistos.sty
File: phaistos.sty 2004/04/23 v1.0 Package `phaistos.sty'
Now handling font encoding LPH ...
... no UTF-8 mapping file for font encoding LPH
)) (/nix/store/v00q1nzjd2wfwar8yf2vl5aic7gq6qzi-texlive-combined-full-2022.20221227/share/texmf/tex/latex/l3backend/l3backend-pdftex.def
File: l3backend-pdftex.def 2022-10-26 L3 backend support: PDF output (pdfTeX)
\l__color_backend_stack_int=\count275
\l__pdf_internal_box=\box59
) (./l1.aux)
\openout1 = `l1.aux'.

LaTeX Font Info:    Checking defaults for OML/cmm/m/it on input line 9.
LaTeX Font Info:    ... okay on input line 9.
LaTeX Font Info:    Checking defaults for OMS/cmsy/m/n on input line 9.
LaTeX Font Info:    ... okay on input line 9.
LaTeX Font Info:    Checking defaults for OT1/cmr/m/n on input line 9.
LaTeX Font Info:    ... okay on input line 9.
LaTeX Font Info:    Checking defaults for T1/cmr/m/n on input line 9.
LaTeX Font Info:    ... okay on input line 9.
LaTeX Font Info:    Checking defaults for TS1/cmr/m/n on input line 9.
LaTeX Font Info:    ... okay on input line 9.
LaTeX Font Info:    Checking defaults for OMX/cmex/m/n on input line 9.
LaTeX Font Info:    ... okay on input line 9.
LaTeX Font Info:    Checking defaults for U/cmr/m/n on input line 9.
LaTeX Font Info:    ... okay on input line 9.
LaTeX Font Info:    Checking defaults for LPH/cmr/m/n on input line 9.
LaTeX Font Info:    ... okay on input line 9.
 (/nix/store/v00q1nzjd2wfwar8yf2vl5aic7gq6qzi-texlive-combined-full-2022.20221227/share/texmf/tex/context/base/mkii/supp-pdf.mkii
[Loading MPS to PDF converter (version 2006.09.02).]
\scratchcounter=\count276
\scratchdimen=\dimen167
\scratchbox=\box60
\nofMPsegments=\count277
\nofMParguments=\count278
\everyMPshowfont=\toks23
\MPscratchCnt=\count279
\MPscratchDim=\dimen168
\MPnumerator=\count280
\makeMPintoPDFobject=\count281
\everyMPtoPDFconversion=\toks24
)
LaTeX Font Info:    Trying to load font information for T1+cmtt on input line 27.
 (/nix/store/v00q1nzjd2wfwar8yf2vl5aic7gq6qzi-texlive-combined-full-2022.20221227/share/texmf/tex/latex/base/t1cmtt.fd
File: t1cmtt.fd 2022/07/10 v2.5l Standard LaTeX font definitions
)
LaTeX Font Info:    Font shape `T1/cmtt/bx/n' in size <17.28> not available
(Font)              Font shape `T1/cmtt/m/n' tried instead on input line 27.
LaTeX Font Info:    Trying to load font information for T1+cmss on input line 32.
 (/nix/store/v00q1nzjd2wfwar8yf2vl5aic7gq6qzi-texlive-combined-full-2022.20221227/share/texmf/tex/latex/base/t1cmss.fd
File: t1cmss.fd 2022/07/10 v2.5l Standard LaTeX font definitions
)
LaTeX Font Info:    Trying to load font information for U+mvs on input line 43.
 (/nix/store/v00q1nzjd2wfwar8yf2vl5aic7gq6qzi-texlive-combined-full-2022.20221227/share/texmf/tex/latex/marvosym/umvs.fd)
LaTeX Font Info:    Font shape `T1/cmtt/bx/n' in size <14.4> not available
(Font)              Font shape `T1/cmtt/m/n' tried instead on input line 50.
 [1

{/nix/store/v00q1nzjd2wfwar8yf2vl5aic7gq6qzi-texlive-combined-full-2022.20221227/share/texmf-var/fonts/map/pdftex/updmap/pdftex.map}] [2] (./l1.aux) ) 
Here is how much of TeX's memory you used:
 4376 strings out of 476093
 69392 string characters out of 5763139
 1856793 words of memory out of 5000000
 24716 multiletter control sequences out of 15000+600000
 526019 words of font info for 63 fonts, out of 8000000 for 9000
 1141 hyphenation exceptions out of 8191
 69i,7n,76p,332b,355s stack positions out of 10000i,1000n,20000p,200000b,200000s
{/nix/store/v00q1nzjd2wfwar8yf2vl5aic7gq6qzi-texlive-combined-full-2022.20221227/share/texmf/fonts/enc/dvips/cm-super/cm-super-t1.enc}</nix/store/v00q1nzjd2wfwar8yf2vl5aic7gq6qzi-texlive-combined-full-2022.20221227/share/texmf/fonts/type1/public/amsfonts/cm/cmmi10.pfb></nix/store/v00q1nzjd2wfwar8yf2vl5aic7gq6qzi-texlive-combined-full-2022.20221227/share/texmf/fonts/type1/public/amsfonts/cm/cmmi12.pfb></nix/store/v00q1nzjd2wfwar8yf2vl5aic7gq6qzi-texlive-combined-full-2022.20221227/share/texmf/fonts/type1/public/amsfonts/cm/cmr10.pfb></nix/store/v00q1nzjd2wfwar8yf2vl5aic7gq6qzi-texlive-combined-full-2022.20221227/share/texmf/fonts/type1/public/amsfonts/cm/cmsy10.pfb></nix/store/v00q1nzjd2wfwar8yf2vl5aic7gq6qzi-texlive-combined-full-2022.20221227/share/texmf/fonts/type1/public/marvosym/marvosym.pfb></nix/store/v00q1nzjd2wfwar8yf2vl5aic7gq6qzi-texlive-combined-full-2022.20221227/share/texmf/fonts/type1/public/cm-super/sfrm1000.pfb></nix/store/v00q1nzjd2wfwar8yf2vl5aic7gq6qzi-texlive-combined-full-2022.20221227/share/texmf/fonts/type1/public/cm-super/sfrm1200.pfb></nix/store/v00q1nzjd2wfwar8yf2vl5aic7gq6qzi-texlive-combined-full-2022.20221227/share/texmf/fonts/type1/public/cm-super/sfrm1728.pfb></nix/store/v00q1nzjd2wfwar8yf2vl5aic7gq6qzi-texlive-combined-full-2022.20221227/share/texmf/fonts/type1/public/cm-super/sfss0800.pfb></nix/store/v00q1nzjd2wfwar8yf2vl5aic7gq6qzi-texlive-combined-full-2022.20221227/share/texmf/fonts/type1/public/cm-super/sftt1440.pfb></nix/store/v00q1nzjd2wfwar8yf2vl5aic7gq6qzi-texlive-combined-full-2022.20221227/share/texmf/fonts/type1/public/cm-super/sftt1728.pfb>
Output written on l1.pdf (2 pages, 139917 bytes).
PDF statistics:
 67 PDF objects out of 1000 (max. 8388607)
 40 compressed objects within 1 object stream
 0 named destinations out of 1000 (max. 500000)
 1 words of extra memory for PDF output out of 10000 (max. 10000000)

