This is pdfTeX, Version 3.141592653-2.6-1.40.24 (TeX Live 2022/nixos.org) (preloaded format=pdflatex 1980.1.1)  30 MAR 2023 12:31
entering extended mode
 restricted \write18 enabled.
 file:line:error style messages enabled.
 %&-line parsing enabled.
**tut3.tex
(./tut3.tex
LaTeX2e <2022-11-01> patch level 1
L3 programming layer <2023-02-22> (/nix/store/c5rdayr3rippgdlzj765bhq3yfm066hw-texlive-combined-full-2022.20221227-texmf/tex/latex/base/article.cls
Document Class: article 2022/07/02 v1.4n Standard LaTeX document class
(/nix/store/c5rdayr3rippgdlzj765bhq3yfm066hw-texlive-combined-full-2022.20221227-texmf/tex/latex/base/size10.clo
File: size10.clo 2022/07/02 v1.4n Standard LaTeX file (size option)
)
\c@part=\count185
\c@section=\count186
\c@subsection=\count187
\c@subsubsection=\count188
\c@paragraph=\count189
\c@subparagraph=\count190
\c@figure=\count191
\c@table=\count192
\abovecaptionskip=\skip48
\belowcaptionskip=\skip49
\bibindent=\dimen140
) (./../../templatka.sty

LaTeX Warning: You have requested package `./../../templatka',
               but the package provides `templatka'.

Package: templatka 
(/nix/store/c5rdayr3rippgdlzj765bhq3yfm066hw-texlive-combined-full-2022.20221227-texmf/tex/latex/amsmath/amsmath.sty
Package: amsmath 2022/04/08 v2.17n AMS math features
\@mathmargin=\skip50

For additional information on amsmath, use the `?' option.
(/nix/store/c5rdayr3rippgdlzj765bhq3yfm066hw-texlive-combined-full-2022.20221227-texmf/tex/latex/amsmath/amstext.sty
Package: amstext 2021/08/26 v2.01 AMS text
 (/nix/store/c5rdayr3rippgdlzj765bhq3yfm066hw-texlive-combined-full-2022.20221227-texmf/tex/latex/amsmath/amsgen.sty
File: amsgen.sty 1999/11/30 v2.0 generic functions
\@emptytoks=\toks16
\ex@=\dimen141
)) (/nix/store/c5rdayr3rippgdlzj765bhq3yfm066hw-texlive-combined-full-2022.20221227-texmf/tex/latex/amsmath/amsbsy.sty
Package: amsbsy 1999/11/29 v1.2d Bold Symbols
\pmbraise@=\dimen142
) (/nix/store/c5rdayr3rippgdlzj765bhq3yfm066hw-texlive-combined-full-2022.20221227-texmf/tex/latex/amsmath/amsopn.sty
Package: amsopn 2022/04/08 v2.04 operator names
)
\inf@bad=\count193
LaTeX Info: Redefining \frac on input line 234.
\uproot@=\count194
\leftroot@=\count195
LaTeX Info: Redefining \overline on input line 399.
LaTeX Info: Redefining \colon on input line 410.
\classnum@=\count196
\DOTSCASE@=\count197
LaTeX Info: Redefining \ldots on input line 496.
LaTeX Info: Redefining \dots on input line 499.
LaTeX Info: Redefining \cdots on input line 620.
\Mathstrutbox@=\box51
\strutbox@=\box52
LaTeX Info: Redefining \big on input line 722.
LaTeX Info: Redefining \Big on input line 723.
LaTeX Info: Redefining \bigg on input line 724.
LaTeX Info: Redefining \Bigg on input line 725.
\big@size=\dimen143
LaTeX Font Info:    Redeclaring font encoding OML on input line 743.
LaTeX Font Info:    Redeclaring font encoding OMS on input line 744.
\macc@depth=\count198
LaTeX Info: Redefining \bmod on input line 905.
LaTeX Info: Redefining \pmod on input line 910.
LaTeX Info: Redefining \smash on input line 940.
LaTeX Info: Redefining \relbar on input line 970.
LaTeX Info: Redefining \Relbar on input line 971.
\c@MaxMatrixCols=\count199
\dotsspace@=\muskip16
\c@parentequation=\count266
\dspbrk@lvl=\count267
\tag@help=\toks17
\row@=\count268
\column@=\count269
\maxfields@=\count270
\andhelp@=\toks18
\eqnshift@=\dimen144
\alignsep@=\dimen145
\tagshift@=\dimen146
\tagwidth@=\dimen147
\totwidth@=\dimen148
\lineht@=\dimen149
\@envbody=\toks19
\multlinegap=\skip51
\multlinetaggap=\skip52
\mathdisplay@stack=\toks20
LaTeX Info: Redefining \[ on input line 2953.
LaTeX Info: Redefining \] on input line 2954.
) (/nix/store/c5rdayr3rippgdlzj765bhq3yfm066hw-texlive-combined-full-2022.20221227-texmf/tex/latex/amsfonts/amsfonts.sty
Package: amsfonts 2013/01/14 v3.01 Basic AMSFonts support
\symAMSa=\mathgroup4
\symAMSb=\mathgroup5
LaTeX Font Info:    Redeclaring math symbol \hbar on input line 98.
LaTeX Font Info:    Overwriting math alphabet `\mathfrak' in version `bold'
(Font)                  U/euf/m/n --> U/euf/b/n on input line 106.
) (/nix/store/c5rdayr3rippgdlzj765bhq3yfm066hw-texlive-combined-full-2022.20221227-texmf/tex/latex/base/fontenc.sty
Package: fontenc 2021/04/29 v2.0v Standard LaTeX package
) (/nix/store/c5rdayr3rippgdlzj765bhq3yfm066hw-texlive-combined-full-2022.20221227-texmf/tex/latex/base/inputenc.sty
Package: inputenc 2021/02/14 v1.3d Input encoding file
\inpenc@prehook=\toks21
\inpenc@posthook=\toks22
) (/nix/store/c5rdayr3rippgdlzj765bhq3yfm066hw-texlive-combined-full-2022.20221227-texmf/tex/generic/babel/babel.sty
Package: babel 2023/02/13 3.86 The Babel package
\babel@savecnt=\count271
\U@D=\dimen150
\l@unhyphenated=\language87
 (/nix/store/c5rdayr3rippgdlzj765bhq3yfm066hw-texlive-combined-full-2022.20221227-texmf/tex/generic/babel/txtbabel.def)
\bbl@readstream=\read2
\bbl@dirlevel=\count272
 (/nix/store/c5rdayr3rippgdlzj765bhq3yfm066hw-texlive-combined-full-2022.20221227-texmf/tex/generic/babel-english/english.ldf
Language: english 2017/06/06 v3.3r English support from the babel system
Package babel Info: Hyphen rules for 'canadian' set to \l@english
(babel)             (\language0). Reported on input line 102.
Package babel Info: Hyphen rules for 'australian' set to \l@ukenglish
(babel)             (\language21). Reported on input line 105.
Package babel Info: Hyphen rules for 'newzealand' set to \l@ukenglish
(babel)             (\language21). Reported on input line 108.
) (/nix/store/c5rdayr3rippgdlzj765bhq3yfm066hw-texlive-combined-full-2022.20221227-texmf/tex/generic/babel-polish/polish.ldf
Language: polish 2022/03/12 1.3 Babel support for Polish
Package babel Info: Making " an active character on input line 101.
)) (/nix/store/c5rdayr3rippgdlzj765bhq3yfm066hw-texlive-combined-full-2022.20221227-texmf/tex/generic/babel/locale/pl/babel-polish.tex
Package babel Info: Importing font and identification data for polish
(babel)             from babel-pl.ini. Reported on input line 11.
) (/nix/store/c5rdayr3rippgdlzj765bhq3yfm066hw-texlive-combined-full-2022.20221227-texmf/tex/generic/babel/locale/en/babel-english.tex
Package babel Info: Importing font and identification data for english
(babel)             from babel-en.ini. Reported on input line 11.
) (/nix/store/c5rdayr3rippgdlzj765bhq3yfm066hw-texlive-combined-full-2022.20221227-texmf/tex/latex/paratype/paratype.sty
Package: paratype 2012/01/24 Style file for package paratype.
 (/nix/store/c5rdayr3rippgdlzj765bhq3yfm066hw-texlive-combined-full-2022.20221227-texmf/tex/latex/paratype/PTSans.sty
Package: PTSans 2011/02/09 Style file for PTSans.
 (/nix/store/c5rdayr3rippgdlzj765bhq3yfm066hw-texlive-combined-full-2022.20221227-texmf/tex/latex/graphics/keyval.sty
Package: keyval 2022/05/29 v1.15 key=value parser (DPC)
\KV@toks@=\toks23
))
(/nix/store/c5rdayr3rippgdlzj765bhq3yfm066hw-texlive-combined-full-2022.20221227-texmf/tex/latex/paratype/PTSerif.sty
Package: PTSerif 2011/02/10 Style file for PTSerif.
) (/nix/store/c5rdayr3rippgdlzj765bhq3yfm066hw-texlive-combined-full-2022.20221227-texmf/tex/latex/paratype/PTMono.sty
Package: PTMono 2012/01/24 Style file for PTMono.
)) (/nix/store/c5rdayr3rippgdlzj765bhq3yfm066hw-texlive-combined-full-2022.20221227-texmf/tex/latex/pgf/frontendlayer/tikz.sty (/nix/store/c5rdayr3rippgdlzj765bhq3yfm066hw-texlive-combined-full-2022.20221227-texmf/tex/latex/pgf/basiclayer/pgf.sty (/nix/store/c5rdayr3rippgdlzj765bhq3yfm066hw-texlive-combined-full-2022.20221227-texmf/tex/latex/pgf/utilities/pgfrcs.sty (/nix/store/c5rdayr3rippgdlzj765bhq3yfm066hw-texlive-combined-full-2022.20221227-texmf/tex/generic/pgf/utilities/pgfutil-common.tex
\pgfutil@everybye=\toks24
\pgfutil@tempdima=\dimen151
\pgfutil@tempdimb=\dimen152
) (/nix/store/c5rdayr3rippgdlzj765bhq3yfm066hw-texlive-combined-full-2022.20221227-texmf/tex/generic/pgf/utilities/pgfutil-latex.def
\pgfutil@abb=\box53
) (/nix/store/c5rdayr3rippgdlzj765bhq3yfm066hw-texlive-combined-full-2022.20221227-texmf/tex/generic/pgf/utilities/pgfrcs.code.tex (/nix/store/c5rdayr3rippgdlzj765bhq3yfm066hw-texlive-combined-full-2022.20221227-texmf/tex/generic/pgf/pgf.revision.tex)
Package: pgfrcs 2023-01-15 v3.1.10 (3.1.10)
))
Package: pgf 2023-01-15 v3.1.10 (3.1.10)
 (/nix/store/c5rdayr3rippgdlzj765bhq3yfm066hw-texlive-combined-full-2022.20221227-texmf/tex/latex/pgf/basiclayer/pgfcore.sty (/nix/store/c5rdayr3rippgdlzj765bhq3yfm066hw-texlive-combined-full-2022.20221227-texmf/tex/latex/graphics/graphicx.sty
Package: graphicx 2021/09/16 v1.2d Enhanced LaTeX Graphics (DPC,SPQR)
 (/nix/store/c5rdayr3rippgdlzj765bhq3yfm066hw-texlive-combined-full-2022.20221227-texmf/tex/latex/graphics/graphics.sty
Package: graphics 2022/03/10 v1.4e Standard LaTeX Graphics (DPC,SPQR)
 (/nix/store/c5rdayr3rippgdlzj765bhq3yfm066hw-texlive-combined-full-2022.20221227-texmf/tex/latex/graphics/trig.sty
Package: trig 2021/08/11 v1.11 sin cos tan (DPC)
) (/nix/store/c5rdayr3rippgdlzj765bhq3yfm066hw-texlive-combined-full-2022.20221227-texmf/tex/latex/graphics-cfg/graphics.cfg
File: graphics.cfg 2016/06/04 v1.11 sample graphics configuration
)
Package graphics Info: Driver file: pdftex.def on input line 107.
 (/nix/store/c5rdayr3rippgdlzj765bhq3yfm066hw-texlive-combined-full-2022.20221227-texmf/tex/latex/graphics-def/pdftex.def
File: pdftex.def 2022/09/22 v1.2b Graphics/color driver for pdftex
))
\Gin@req@height=\dimen153
\Gin@req@width=\dimen154
) (/nix/store/c5rdayr3rippgdlzj765bhq3yfm066hw-texlive-combined-full-2022.20221227-texmf/tex/latex/pgf/systemlayer/pgfsys.sty
(/nix/store/c5rdayr3rippgdlzj765bhq3yfm066hw-texlive-combined-full-2022.20221227-texmf/tex/generic/pgf/systemlayer/pgfsys.code.tex
Package: pgfsys 2023-01-15 v3.1.10 (3.1.10)
 (/nix/store/c5rdayr3rippgdlzj765bhq3yfm066hw-texlive-combined-full-2022.20221227-texmf/tex/generic/pgf/utilities/pgfkeys.code.tex
\pgfkeys@pathtoks=\toks25
\pgfkeys@temptoks=\toks26
 (/nix/store/c5rdayr3rippgdlzj765bhq3yfm066hw-texlive-combined-full-2022.20221227-texmf/tex/generic/pgf/utilities/pgfkeyslibraryfiltered.code.tex
\pgfkeys@tmptoks=\toks27
))
\pgf@x=\dimen155
\pgf@y=\dimen156
\pgf@xa=\dimen157
\pgf@ya=\dimen158
\pgf@xb=\dimen159
\pgf@yb=\dimen160
\pgf@xc=\dimen161
\pgf@yc=\dimen162
\pgf@xd=\dimen163
\pgf@yd=\dimen164
\w@pgf@writea=\write3
\r@pgf@reada=\read3
\c@pgf@counta=\count273
\c@pgf@countb=\count274
\c@pgf@countc=\count275
\c@pgf@countd=\count276
\t@pgf@toka=\toks28
\t@pgf@tokb=\toks29
\t@pgf@tokc=\toks30
\pgf@sys@id@count=\count277
 (/nix/store/c5rdayr3rippgdlzj765bhq3yfm066hw-texlive-combined-full-2022.20221227-texmf/tex/generic/pgf/systemlayer/pgf.cfg
File: pgf.cfg 2023-01-15 v3.1.10 (3.1.10)
)
Driver file for pgf: pgfsys-pdftex.def
 (/nix/store/c5rdayr3rippgdlzj765bhq3yfm066hw-texlive-combined-full-2022.20221227-texmf/tex/generic/pgf/systemlayer/pgfsys-pdftex.def
File: pgfsys-pdftex.def 2023-01-15 v3.1.10 (3.1.10)
 (/nix/store/c5rdayr3rippgdlzj765bhq3yfm066hw-texlive-combined-full-2022.20221227-texmf/tex/generic/pgf/systemlayer/pgfsys-common-pdf.def
File: pgfsys-common-pdf.def 2023-01-15 v3.1.10 (3.1.10)
))) (/nix/store/c5rdayr3rippgdlzj765bhq3yfm066hw-texlive-combined-full-2022.20221227-texmf/tex/generic/pgf/systemlayer/pgfsyssoftpath.code.tex
File: pgfsyssoftpath.code.tex 2023-01-15 v3.1.10 (3.1.10)
\pgfsyssoftpath@smallbuffer@items=\count278
\pgfsyssoftpath@bigbuffer@items=\count279
) (/nix/store/c5rdayr3rippgdlzj765bhq3yfm066hw-texlive-combined-full-2022.20221227-texmf/tex/generic/pgf/systemlayer/pgfsysprotocol.code.tex
File: pgfsysprotocol.code.tex 2023-01-15 v3.1.10 (3.1.10)
)) (/nix/store/c5rdayr3rippgdlzj765bhq3yfm066hw-texlive-combined-full-2022.20221227-texmf/tex/latex/xcolor/xcolor.sty
Package: xcolor 2022/06/12 v2.14 LaTeX color extensions (UK)
 (/nix/store/c5rdayr3rippgdlzj765bhq3yfm066hw-texlive-combined-full-2022.20221227-texmf/tex/latex/graphics-cfg/color.cfg
File: color.cfg 2016/01/02 v1.6 sample color configuration
)
Package xcolor Info: Driver file: pdftex.def on input line 227.
 (/nix/store/c5rdayr3rippgdlzj765bhq3yfm066hw-texlive-combined-full-2022.20221227-texmf/tex/latex/graphics/mathcolor.ltx)
Package xcolor Info: Model `cmy' substituted by `cmy0' on input line 1353.
Package xcolor Info: Model `hsb' substituted by `rgb' on input line 1357.
Package xcolor Info: Model `RGB' extended on input line 1369.
Package xcolor Info: Model `HTML' substituted by `rgb' on input line 1371.
Package xcolor Info: Model `Hsb' substituted by `hsb' on input line 1372.
Package xcolor Info: Model `tHsb' substituted by `hsb' on input line 1373.
Package xcolor Info: Model `HSB' substituted by `hsb' on input line 1374.
Package xcolor Info: Model `Gray' substituted by `gray' on input line 1375.
Package xcolor Info: Model `wave' substituted by `hsb' on input line 1376.
) (/nix/store/c5rdayr3rippgdlzj765bhq3yfm066hw-texlive-combined-full-2022.20221227-texmf/tex/generic/pgf/basiclayer/pgfcore.code.tex
Package: pgfcore 2023-01-15 v3.1.10 (3.1.10)
 (/nix/store/c5rdayr3rippgdlzj765bhq3yfm066hw-texlive-combined-full-2022.20221227-texmf/tex/generic/pgf/math/pgfmath.code.tex (/nix/store/c5rdayr3rippgdlzj765bhq3yfm066hw-texlive-combined-full-2022.20221227-texmf/tex/generic/pgf/math/pgfmathutil.code.tex) (/nix/store/c5rdayr3rippgdlzj765bhq3yfm066hw-texlive-combined-full-2022.20221227-texmf/tex/generic/pgf/math/pgfmathparser.code.tex
\pgfmath@dimen=\dimen165
\pgfmath@count=\count280
\pgfmath@box=\box54
\pgfmath@toks=\toks31
\pgfmath@stack@operand=\toks32
\pgfmath@stack@operation=\toks33
)
(/nix/store/c5rdayr3rippgdlzj765bhq3yfm066hw-texlive-combined-full-2022.20221227-texmf/tex/generic/pgf/math/pgfmathfunctions.code.tex) (/nix/store/c5rdayr3rippgdlzj765bhq3yfm066hw-texlive-combined-full-2022.20221227-texmf/tex/generic/pgf/math/pgfmathfunctions.basic.code.tex) (/nix/store/c5rdayr3rippgdlzj765bhq3yfm066hw-texlive-combined-full-2022.20221227-texmf/tex/generic/pgf/math/pgfmathfunctions.trigonometric.code.tex) (/nix/store/c5rdayr3rippgdlzj765bhq3yfm066hw-texlive-combined-full-2022.20221227-texmf/tex/generic/pgf/math/pgfmathfunctions.random.code.tex) (/nix/store/c5rdayr3rippgdlzj765bhq3yfm066hw-texlive-combined-full-2022.20221227-texmf/tex/generic/pgf/math/pgfmathfunctions.comparison.code.tex) (/nix/store/c5rdayr3rippgdlzj765bhq3yfm066hw-texlive-combined-full-2022.20221227-texmf/tex/generic/pgf/math/pgfmathfunctions.base.code.tex) (/nix/store/c5rdayr3rippgdlzj765bhq3yfm066hw-texlive-combined-full-2022.20221227-texmf/tex/generic/pgf/math/pgfmathfunctions.round.code.tex) (/nix/store/c5rdayr3rippgdlzj765bhq3yfm066hw-texlive-combined-full-2022.20221227-texmf/tex/generic/pgf/math/pgfmathfunctions.misc.code.tex) (/nix/store/c5rdayr3rippgdlzj765bhq3yfm066hw-texlive-combined-full-2022.20221227-texmf/tex/generic/pgf/math/pgfmathfunctions.integerarithmetics.code.tex) (/nix/store/c5rdayr3rippgdlzj765bhq3yfm066hw-texlive-combined-full-2022.20221227-texmf/tex/generic/pgf/math/pgfmathcalc.code.tex) (/nix/store/c5rdayr3rippgdlzj765bhq3yfm066hw-texlive-combined-full-2022.20221227-texmf/tex/generic/pgf/math/pgfmathfloat.code.tex
\c@pgfmathroundto@lastzeros=\count281
)) (/nix/store/c5rdayr3rippgdlzj765bhq3yfm066hw-texlive-combined-full-2022.20221227-texmf/tex/generic/pgf/math/pgfint.code.tex) (/nix/store/c5rdayr3rippgdlzj765bhq3yfm066hw-texlive-combined-full-2022.20221227-texmf/tex/generic/pgf/basiclayer/pgfcorepoints.code.tex
File: pgfcorepoints.code.tex 2023-01-15 v3.1.10 (3.1.10)
\pgf@picminx=\dimen166
\pgf@picmaxx=\dimen167
\pgf@picminy=\dimen168
\pgf@picmaxy=\dimen169
\pgf@pathminx=\dimen170
\pgf@pathmaxx=\dimen171
\pgf@pathminy=\dimen172
\pgf@pathmaxy=\dimen173
\pgf@xx=\dimen174
\pgf@xy=\dimen175
\pgf@yx=\dimen176
\pgf@yy=\dimen177
\pgf@zx=\dimen178
\pgf@zy=\dimen179
) (/nix/store/c5rdayr3rippgdlzj765bhq3yfm066hw-texlive-combined-full-2022.20221227-texmf/tex/generic/pgf/basiclayer/pgfcorepathconstruct.code.tex
File: pgfcorepathconstruct.code.tex 2023-01-15 v3.1.10 (3.1.10)
\pgf@path@lastx=\dimen180
\pgf@path@lasty=\dimen181
)
(/nix/store/c5rdayr3rippgdlzj765bhq3yfm066hw-texlive-combined-full-2022.20221227-texmf/tex/generic/pgf/basiclayer/pgfcorepathusage.code.tex
File: pgfcorepathusage.code.tex 2023-01-15 v3.1.10 (3.1.10)
\pgf@shorten@end@additional=\dimen182
\pgf@shorten@start@additional=\dimen183
) (/nix/store/c5rdayr3rippgdlzj765bhq3yfm066hw-texlive-combined-full-2022.20221227-texmf/tex/generic/pgf/basiclayer/pgfcorescopes.code.tex
File: pgfcorescopes.code.tex 2023-01-15 v3.1.10 (3.1.10)
\pgfpic=\box55
\pgf@hbox=\box56
\pgf@layerbox@main=\box57
\pgf@picture@serial@count=\count282
) (/nix/store/c5rdayr3rippgdlzj765bhq3yfm066hw-texlive-combined-full-2022.20221227-texmf/tex/generic/pgf/basiclayer/pgfcoregraphicstate.code.tex
File: pgfcoregraphicstate.code.tex 2023-01-15 v3.1.10 (3.1.10)
\pgflinewidth=\dimen184
) (/nix/store/c5rdayr3rippgdlzj765bhq3yfm066hw-texlive-combined-full-2022.20221227-texmf/tex/generic/pgf/basiclayer/pgfcoretransformations.code.tex
File: pgfcoretransformations.code.tex 2023-01-15 v3.1.10 (3.1.10)
\pgf@pt@x=\dimen185
\pgf@pt@y=\dimen186
\pgf@pt@temp=\dimen187
) (/nix/store/c5rdayr3rippgdlzj765bhq3yfm066hw-texlive-combined-full-2022.20221227-texmf/tex/generic/pgf/basiclayer/pgfcorequick.code.tex
File: pgfcorequick.code.tex 2023-01-15 v3.1.10 (3.1.10)
) (/nix/store/c5rdayr3rippgdlzj765bhq3yfm066hw-texlive-combined-full-2022.20221227-texmf/tex/generic/pgf/basiclayer/pgfcoreobjects.code.tex
File: pgfcoreobjects.code.tex 2023-01-15 v3.1.10 (3.1.10)
) (/nix/store/c5rdayr3rippgdlzj765bhq3yfm066hw-texlive-combined-full-2022.20221227-texmf/tex/generic/pgf/basiclayer/pgfcorepathprocessing.code.tex
File: pgfcorepathprocessing.code.tex 2023-01-15 v3.1.10 (3.1.10)
) (/nix/store/c5rdayr3rippgdlzj765bhq3yfm066hw-texlive-combined-full-2022.20221227-texmf/tex/generic/pgf/basiclayer/pgfcorearrows.code.tex
File: pgfcorearrows.code.tex 2023-01-15 v3.1.10 (3.1.10)
\pgfarrowsep=\dimen188
) (/nix/store/c5rdayr3rippgdlzj765bhq3yfm066hw-texlive-combined-full-2022.20221227-texmf/tex/generic/pgf/basiclayer/pgfcoreshade.code.tex
File: pgfcoreshade.code.tex 2023-01-15 v3.1.10 (3.1.10)
\pgf@max=\dimen189
\pgf@sys@shading@range@num=\count283
\pgf@shadingcount=\count284
) (/nix/store/c5rdayr3rippgdlzj765bhq3yfm066hw-texlive-combined-full-2022.20221227-texmf/tex/generic/pgf/basiclayer/pgfcoreimage.code.tex
File: pgfcoreimage.code.tex 2023-01-15 v3.1.10 (3.1.10)
) (/nix/store/c5rdayr3rippgdlzj765bhq3yfm066hw-texlive-combined-full-2022.20221227-texmf/tex/generic/pgf/basiclayer/pgfcoreexternal.code.tex
File: pgfcoreexternal.code.tex 2023-01-15 v3.1.10 (3.1.10)
\pgfexternal@startupbox=\box58
) (/nix/store/c5rdayr3rippgdlzj765bhq3yfm066hw-texlive-combined-full-2022.20221227-texmf/tex/generic/pgf/basiclayer/pgfcorelayers.code.tex
File: pgfcorelayers.code.tex 2023-01-15 v3.1.10 (3.1.10)
) (/nix/store/c5rdayr3rippgdlzj765bhq3yfm066hw-texlive-combined-full-2022.20221227-texmf/tex/generic/pgf/basiclayer/pgfcoretransparency.code.tex
File: pgfcoretransparency.code.tex 2023-01-15 v3.1.10 (3.1.10)
) (/nix/store/c5rdayr3rippgdlzj765bhq3yfm066hw-texlive-combined-full-2022.20221227-texmf/tex/generic/pgf/basiclayer/pgfcorepatterns.code.tex
File: pgfcorepatterns.code.tex 2023-01-15 v3.1.10 (3.1.10)
)
(/nix/store/c5rdayr3rippgdlzj765bhq3yfm066hw-texlive-combined-full-2022.20221227-texmf/tex/generic/pgf/basiclayer/pgfcorerdf.code.tex
File: pgfcorerdf.code.tex 2023-01-15 v3.1.10 (3.1.10)
))) (/nix/store/c5rdayr3rippgdlzj765bhq3yfm066hw-texlive-combined-full-2022.20221227-texmf/tex/generic/pgf/modules/pgfmoduleshapes.code.tex
File: pgfmoduleshapes.code.tex 2023-01-15 v3.1.10 (3.1.10)
\pgfnodeparttextbox=\box59
) (/nix/store/c5rdayr3rippgdlzj765bhq3yfm066hw-texlive-combined-full-2022.20221227-texmf/tex/generic/pgf/modules/pgfmoduleplot.code.tex
File: pgfmoduleplot.code.tex 2023-01-15 v3.1.10 (3.1.10)
) (/nix/store/c5rdayr3rippgdlzj765bhq3yfm066hw-texlive-combined-full-2022.20221227-texmf/tex/latex/pgf/compatibility/pgfcomp-version-0-65.sty
Package: pgfcomp-version-0-65 2023-01-15 v3.1.10 (3.1.10)
\pgf@nodesepstart=\dimen190
\pgf@nodesepend=\dimen191
) (/nix/store/c5rdayr3rippgdlzj765bhq3yfm066hw-texlive-combined-full-2022.20221227-texmf/tex/latex/pgf/compatibility/pgfcomp-version-1-18.sty
Package: pgfcomp-version-1-18 2023-01-15 v3.1.10 (3.1.10)
)) (/nix/store/c5rdayr3rippgdlzj765bhq3yfm066hw-texlive-combined-full-2022.20221227-texmf/tex/latex/pgf/utilities/pgffor.sty (/nix/store/c5rdayr3rippgdlzj765bhq3yfm066hw-texlive-combined-full-2022.20221227-texmf/tex/latex/pgf/utilities/pgfkeys.sty (/nix/store/c5rdayr3rippgdlzj765bhq3yfm066hw-texlive-combined-full-2022.20221227-texmf/tex/generic/pgf/utilities/pgfkeys.code.tex)) (/nix/store/c5rdayr3rippgdlzj765bhq3yfm066hw-texlive-combined-full-2022.20221227-texmf/tex/latex/pgf/math/pgfmath.sty (/nix/store/c5rdayr3rippgdlzj765bhq3yfm066hw-texlive-combined-full-2022.20221227-texmf/tex/generic/pgf/math/pgfmath.code.tex)) (/nix/store/c5rdayr3rippgdlzj765bhq3yfm066hw-texlive-combined-full-2022.20221227-texmf/tex/generic/pgf/utilities/pgffor.code.tex
Package: pgffor 2023-01-15 v3.1.10 (3.1.10)
\pgffor@iter=\dimen192
\pgffor@skip=\dimen193
\pgffor@stack=\toks34
\pgffor@toks=\toks35
)) (/nix/store/c5rdayr3rippgdlzj765bhq3yfm066hw-texlive-combined-full-2022.20221227-texmf/tex/generic/pgf/frontendlayer/tikz/tikz.code.tex
Package: tikz 2023-01-15 v3.1.10 (3.1.10)
 (/nix/store/c5rdayr3rippgdlzj765bhq3yfm066hw-texlive-combined-full-2022.20221227-texmf/tex/generic/pgf/libraries/pgflibraryplothandlers.code.tex
File: pgflibraryplothandlers.code.tex 2023-01-15 v3.1.10 (3.1.10)
\pgf@plot@mark@count=\count285
\pgfplotmarksize=\dimen194
)
\tikz@lastx=\dimen195
\tikz@lasty=\dimen196
\tikz@lastxsaved=\dimen197
\tikz@lastysaved=\dimen198
\tikz@lastmovetox=\dimen199
\tikz@lastmovetoy=\dimen256
\tikzleveldistance=\dimen257
\tikzsiblingdistance=\dimen258
\tikz@figbox=\box60
\tikz@figbox@bg=\box61
\tikz@tempbox=\box62
\tikz@tempbox@bg=\box63
\tikztreelevel=\count286
\tikznumberofchildren=\count287
\tikznumberofcurrentchild=\count288
\tikz@fig@count=\count289
 (/nix/store/c5rdayr3rippgdlzj765bhq3yfm066hw-texlive-combined-full-2022.20221227-texmf/tex/generic/pgf/modules/pgfmodulematrix.code.tex
File: pgfmodulematrix.code.tex 2023-01-15 v3.1.10 (3.1.10)
\pgfmatrixcurrentrow=\count290
\pgfmatrixcurrentcolumn=\count291
\pgf@matrix@numberofcolumns=\count292
)
\tikz@expandcount=\count293

(/nix/store/c5rdayr3rippgdlzj765bhq3yfm066hw-texlive-combined-full-2022.20221227-texmf/tex/generic/pgf/frontendlayer/tikz/libraries/tikzlibrarytopaths.code.tex
File: tikzlibrarytopaths.code.tex 2023-01-15 v3.1.10 (3.1.10)
))) (/nix/store/c5rdayr3rippgdlzj765bhq3yfm066hw-texlive-combined-full-2022.20221227-texmf/tex/generic/pgf/frontendlayer/tikz/libraries/tikzlibraryautomata.code.tex
File: tikzlibraryautomata.code.tex 2023-01-15 v3.1.10 (3.1.10)
 (/nix/store/c5rdayr3rippgdlzj765bhq3yfm066hw-texlive-combined-full-2022.20221227-texmf/tex/generic/pgf/frontendlayer/tikz/libraries/tikzlibraryshapes.multipart.code.tex
File: tikzlibraryshapes.multipart.code.tex 2023-01-15 v3.1.10 (3.1.10)
 (/nix/store/c5rdayr3rippgdlzj765bhq3yfm066hw-texlive-combined-full-2022.20221227-texmf/tex/generic/pgf/libraries/shapes/pgflibraryshapes.multipart.code.tex
File: pgflibraryshapes.multipart.code.tex 2023-01-15 v3.1.10 (3.1.10)
\pgfnodepartlowerbox=\box64
\pgfnodeparttwobox=\box65
\pgfnodepartthreebox=\box66
\pgfnodepartfourbox=\box67
\pgfnodeparttwentybox=\box68
\pgfnodepartnineteenbox=\box69
\pgfnodeparteighteenbox=\box70
\pgfnodepartseventeenbox=\box71
\pgfnodepartsixteenbox=\box72
\pgfnodepartfifteenbox=\box73
\pgfnodepartfourteenbox=\box74
\pgfnodepartthirteenbox=\box75
\pgfnodeparttwelvebox=\box76
\pgfnodepartelevenbox=\box77
\pgfnodeparttenbox=\box78
\pgfnodepartninebox=\box79
\pgfnodeparteightbox=\box80
\pgfnodepartsevenbox=\box81
\pgfnodepartsixbox=\box82
\pgfnodepartfivebox=\box83
))) (/nix/store/c5rdayr3rippgdlzj765bhq3yfm066hw-texlive-combined-full-2022.20221227-texmf/tex/generic/pgf/frontendlayer/tikz/libraries/tikzlibrarypositioning.code.tex
File: tikzlibrarypositioning.code.tex 2023-01-15 v3.1.10 (3.1.10)
) (/nix/store/c5rdayr3rippgdlzj765bhq3yfm066hw-texlive-combined-full-2022.20221227-texmf/tex/generic/pgf/libraries/pgflibraryarrows.meta.code.tex
File: pgflibraryarrows.meta.code.tex 2023-01-15 v3.1.10 (3.1.10)
\pgfarrowinset=\dimen259
\pgfarrowlength=\dimen260
\pgfarrowwidth=\dimen261
\pgfarrowlinewidth=\dimen262
) (/nix/store/c5rdayr3rippgdlzj765bhq3yfm066hw-texlive-combined-full-2022.20221227-texmf/tex/latex/marvosym/marvosym.sty
Package: marvosym 2011/07/20 v2.2 Martin Vogel's Symbols font definitions
) (/nix/store/c5rdayr3rippgdlzj765bhq3yfm066hw-texlive-combined-full-2022.20221227-texmf/tex/latex/phaistos/phaistos.sty
File: phaistos.sty 2004/04/23 v1.0 Package `phaistos.sty'
Now handling font encoding LPH ...
... no UTF-8 mapping file for font encoding LPH
))
LaTeX Font Info:    Trying to load font information for T1+PTSans-TLF on input line 8.
 (/nix/store/c5rdayr3rippgdlzj765bhq3yfm066hw-texlive-combined-full-2022.20221227-texmf/tex/latex/paratype/T1PTSans-TLF.fd
File: T1PTSans-TLF.fd 2011/05/04 (autoinst with patch) Font definitions for T1/PTSans-TLF.
) (/nix/store/c5rdayr3rippgdlzj765bhq3yfm066hw-texlive-combined-full-2022.20221227-texmf/tex/latex/l3backend/l3backend-pdftex.def
File: l3backend-pdftex.def 2023-01-16 L3 backend support: PDF output (pdfTeX)
\l__color_backend_stack_int=\count294
\l__pdf_internal_box=\box84
) (./tut3.aux)
\openout1 = `tut3.aux'.

LaTeX Font Info:    Checking defaults for OML/cmm/m/it on input line 8.
LaTeX Font Info:    ... okay on input line 8.
LaTeX Font Info:    Checking defaults for OMS/cmsy/m/n on input line 8.
LaTeX Font Info:    ... okay on input line 8.
LaTeX Font Info:    Checking defaults for OT1/cmr/m/n on input line 8.
LaTeX Font Info:    ... okay on input line 8.
LaTeX Font Info:    Checking defaults for T1/cmr/m/n on input line 8.
LaTeX Font Info:    ... okay on input line 8.
LaTeX Font Info:    Checking defaults for TS1/cmr/m/n on input line 8.
LaTeX Font Info:    ... okay on input line 8.
LaTeX Font Info:    Checking defaults for OMX/cmex/m/n on input line 8.
LaTeX Font Info:    ... okay on input line 8.
LaTeX Font Info:    Checking defaults for U/cmr/m/n on input line 8.
LaTeX Font Info:    ... okay on input line 8.
LaTeX Font Info:    Checking defaults for LPH/cmr/m/n on input line 8.
LaTeX Font Info:    ... okay on input line 8.
 (/nix/store/c5rdayr3rippgdlzj765bhq3yfm066hw-texlive-combined-full-2022.20221227-texmf/tex/context/base/mkii/supp-pdf.mkii
[Loading MPS to PDF converter (version 2006.09.02).]
\scratchcounter=\count295
\scratchdimen=\dimen263
\scratchbox=\box85
\nofMPsegments=\count296
\nofMParguments=\count297
\everyMPshowfont=\toks36
\MPscratchCnt=\count298
\MPscratchDim=\dimen264
\MPnumerator=\count299
\makeMPintoPDFobject=\count300
\everyMPtoPDFconversion=\toks37
) (/nix/store/c5rdayr3rippgdlzj765bhq3yfm066hw-texlive-combined-full-2022.20221227-texmf/tex/latex/epstopdf-pkg/epstopdf-base.sty
Package: epstopdf-base 2020-01-24 v2.11 Base part for package epstopdf
Package epstopdf-base Info: Redefining graphics rule for `.eps' on input line 485.
 (/nix/store/c5rdayr3rippgdlzj765bhq3yfm066hw-texlive-combined-full-2022.20221227-texmf/tex/latex/latexconfig/epstopdf-sys.cfg
File: epstopdf-sys.cfg 2010/07/13 v1.3 Configuration of (r)epstopdf for TeX Live
))
LaTeX Font Info:    Trying to load font information for U+msa on input line 9.
 (/nix/store/c5rdayr3rippgdlzj765bhq3yfm066hw-texlive-combined-full-2022.20221227-texmf/tex/latex/amsfonts/umsa.fd
File: umsa.fd 2013/01/14 v3.01 AMS symbols A
)
LaTeX Font Info:    Trying to load font information for U+msb on input line 9.
 (/nix/store/c5rdayr3rippgdlzj765bhq3yfm066hw-texlive-combined-full-2022.20221227-texmf/tex/latex/amsfonts/umsb.fd
File: umsb.fd 2013/01/14 v3.01 AMS symbols B
) [1

{/nix/store/zi899rnhfwhmpsv3b1zvw7qvk9kckya5-texlive-combined-full-2022.20221227/share/texmf-var/fonts/map/pdftex/updmap/pdftex.map}]
LaTeX Font Info:    Trying to load font information for U+mvs on input line 46.
 (/nix/store/c5rdayr3rippgdlzj765bhq3yfm066hw-texlive-combined-full-2022.20221227-texmf/tex/latex/marvosym/umvs.fd) [2] [3] (./tut3.aux) ) 
Here is how much of TeX's memory you used:
 15544 strings out of 476024
 334513 string characters out of 5764566
 1859388 words of memory out of 5000000
 35697 multiletter control sequences out of 15000+600000
 572555 words of font info for 73 fonts, out of 8000000 for 9000
 1141 hyphenation exceptions out of 8191
 117i,6n,118p,466b,355s stack positions out of 10000i,1000n,20000p,200000b,200000s
{/nix/store/c5rdayr3rippgdlzj765bhq3yfm066hw-texlive-combined-full-2022.20221227-texmf/fonts/enc/dvips/paratype/ptsans_t1.enc}</nix/store/c5rdayr3rippgdlzj765bhq3yfm066hw-texlive-combined-full-2022.20221227-texmf/fonts/type1/paratype/ptsans/PTS55F.pfb></nix/store/c5rdayr3rippgdlzj765bhq3yfm066hw-texlive-combined-full-2022.20221227-texmf/fonts/type1/paratype/ptsans/PTS75F.pfb></nix/store/c5rdayr3rippgdlzj765bhq3yfm066hw-texlive-combined-full-2022.20221227-texmf/fonts/type1/public/amsfonts/cm/cmex10.pfb></nix/store/c5rdayr3rippgdlzj765bhq3yfm066hw-texlive-combined-full-2022.20221227-texmf/fonts/type1/public/amsfonts/cm/cmmi10.pfb></nix/store/c5rdayr3rippgdlzj765bhq3yfm066hw-texlive-combined-full-2022.20221227-texmf/fonts/type1/public/amsfonts/cm/cmmi12.pfb></nix/store/c5rdayr3rippgdlzj765bhq3yfm066hw-texlive-combined-full-2022.20221227-texmf/fonts/type1/public/amsfonts/cm/cmmi5.pfb></nix/store/c5rdayr3rippgdlzj765bhq3yfm066hw-texlive-combined-full-2022.20221227-texmf/fonts/type1/public/amsfonts/cm/cmmi7.pfb></nix/store/c5rdayr3rippgdlzj765bhq3yfm066hw-texlive-combined-full-2022.20221227-texmf/fonts/type1/public/amsfonts/cm/cmmi8.pfb></nix/store/c5rdayr3rippgdlzj765bhq3yfm066hw-texlive-combined-full-2022.20221227-texmf/fonts/type1/public/amsfonts/cm/cmr10.pfb></nix/store/c5rdayr3rippgdlzj765bhq3yfm066hw-texlive-combined-full-2022.20221227-texmf/fonts/type1/public/amsfonts/cm/cmr12.pfb></nix/store/c5rdayr3rippgdlzj765bhq3yfm066hw-texlive-combined-full-2022.20221227-texmf/fonts/type1/public/amsfonts/cm/cmr7.pfb></nix/store/c5rdayr3rippgdlzj765bhq3yfm066hw-texlive-combined-full-2022.20221227-texmf/fonts/type1/public/amsfonts/cm/cmsy10.pfb></nix/store/c5rdayr3rippgdlzj765bhq3yfm066hw-texlive-combined-full-2022.20221227-texmf/fonts/type1/public/amsfonts/cm/cmsy7.pfb></nix/store/c5rdayr3rippgdlzj765bhq3yfm066hw-texlive-combined-full-2022.2
0221227-texmf/fonts/type1/public/marvosym/marvosym.pfb></nix/store/c5rdayr3rippgdlzj765bhq3yfm066hw-texlive-combined-full-2022.20221227-texmf/fonts/type1/public/amsfonts/symbols/msbm10.pfb>
Output written on tut3.pdf (3 pages, 150040 bytes).
PDF statistics:
 93 PDF objects out of 1000 (max. 8388607)
 57 compressed objects within 1 object stream
 0 named destinations out of 1000 (max. 500000)
 13 words of extra memory for PDF output out of 10000 (max. 10000000)

